0001_0017_0033_0031_0031.jpg 1 17 33 31 31
0002_0031_0011_0058_0058.jpg 1 31 11 58 58
0003_0027_0025_0044_0044.jpg 1 27 25 44 44
0004_0052_0010_0031_0031.jpg 1 52 10 31 31
0005_0011_0019_0057_0057.jpg 1 11 19 57 57
0006_0024_0010_0065_0065.jpg 1 24 10 65 65
0007_0038_0011_0057_0057.jpg 1 38 11 57 57
0008_0014_0011_0037_0037.jpg 1 14 11 37 37
0009_0017_0043_0048_0048.jpg 1 17 43 48 48
0010_0027_0007_0066_0066.jpg 1 27 7 66 66
0011_0035_0048_0041_0041.jpg 1 35 48 41 41
0012_0016_0010_0058_0058.jpg 1 16 10 58 58
0013_0021_0023_0056_0056.jpg 1 21 23 56 56
0014_0016_0019_0062_0062.jpg 1 16 19 62 62
0015_0012_0029_0050_0050.jpg 1 12 29 50 50
0016_0021_0015_0049_0049.jpg 1 21 15 49 49
0017_0007_0025_0059_0059.jpg 1 7 25 59 59
0018_0065_0065_0025_0025.jpg 1 65 65 25 25
0019_0048_0015_0044_0044.jpg 1 48 15 44 44
0020_0005_0017_0065_0065.jpg 1 5 17 65 65
0021_0019_0018_0032_0032.jpg 1 19 18 32 32
0022_0036_0021_0058_0058.jpg 1 36 21 58 58
0023_0028_0024_0053_0053.jpg 1 28 24 53 53
0024_0036_0007_0044_0044.jpg 1 36 7 44 44
0025_0008_0063_0029_0029.jpg 1 8 63 29 29
0026_0036_0024_0039_0039.jpg 1 36 24 39 39
0027_0024_0030_0039_0039.jpg 1 24 30 39 39
0028_0018_0009_0056_0056.jpg 1 18 9 56 56
0029_0051_0016_0038_0038.jpg 1 51 16 38 38
0030_0031_0016_0056_0056.jpg 1 31 16 56 56
0031_0026_0046_0048_0048.jpg 1 26 46 48 48
0032_0033_0015_0056_0056.jpg 1 33 15 56 56
0033_0020_0048_0044_0044.jpg 1 20 48 44 44
0034_0038_0006_0056_0056.jpg 1 38 6 56 56
0035_0022_0034_0048_0048.jpg 1 22 34 48 48
0036_0013_0012_0046_0046.jpg 1 13 12 46 46
0037_0013_0026_0050_0050.jpg 1 13 26 50 50
0038_0019_0011_0069_0069.jpg 1 19 11 69 69
0039_0039_0035_0054_0054.jpg 1 39 35 54 54
0040_0011_0058_0028_0028.jpg 1 11 58 28 28
0041_0014_0049_0042_0042.jpg 1 14 49 42 42
0042_0025_0025_0064_0064.jpg 1 25 25 64 64
0043_0009_0010_0038_0038.jpg 1 9 10 38 38
0044_0020_0026_0057_0057.jpg 1 20 26 57 57
0045_0023_0031_0030_0030.jpg 1 23 31 30 30
0046_0007_0019_0055_0055.jpg 1 7 19 55 55
0047_0017_0036_0053_0053.jpg 1 17 36 53 53
0048_0066_0014_0025_0025.jpg 1 66 14 25 25
0049_0026_0019_0037_0037.jpg 1 26 19 37 37
0050_0045_0025_0039_0039.jpg 1 45 25 39 39
0051_0005_0017_0050_0050.jpg 1 5 17 50 50
0052_0027_0006_0056_0056.jpg 1 27 6 56 56
0053_0030_0057_0030_0030.jpg 1 30 57 30 30
0054_0014_0004_0053_0053.jpg 1 14 4 53 53
0055_0024_0008_0024_0024.jpg 1 24 8 24 24
0056_0020_0040_0055_0055.jpg 1 20 40 55 55
0057_0034_0018_0036_0036.jpg 1 34 18 36 36
0058_0019_0052_0030_0030.jpg 1 19 52 30 30
0059_0015_0038_0034_0034.jpg 1 15 38 34 34
0060_0024_0022_0066_0066.jpg 1 24 22 66 66
0061_0019_0029_0067_0067.jpg 1 19 29 67 67
0062_0020_0049_0039_0039.jpg 1 20 49 39 39
0063_0054_0021_0039_0039.jpg 1 54 21 39 39
0064_0041_0006_0033_0033.jpg 1 41 6 33 33
0065_0036_0016_0049_0049.jpg 1 36 16 49 49
0066_0052_0028_0040_0040.jpg 1 52 28 40 40
0067_0038_0004_0054_0054.jpg 1 38 4 54 54
0068_0024_0021_0049_0049.jpg 1 24 21 49 49
0069_0016_0024_0047_0047.jpg 1 16 24 47 47
0070_0016_0037_0032_0032.jpg 1 16 37 32 32
0071_0014_0037_0025_0025.jpg 1 14 37 25 25
0072_0018_0023_0042_0042.jpg 1 18 23 42 42
0073_0055_0058_0025_0025.jpg 1 55 58 25 25
0074_0023_0004_0063_0063.jpg 1 23 4 63 63
0075_0020_0016_0046_0046.jpg 1 20 16 46 46
0076_0036_0028_0041_0041.jpg 1 36 28 41 41
0077_0040_0016_0034_0034.jpg 1 40 16 34 34
0078_0007_0013_0061_0061.jpg 1 7 13 61 61
0079_0017_0027_0041_0041.jpg 1 17 27 41 41
0080_0046_0024_0044_0044.jpg 1 46 24 44 44
0081_0047_0058_0028_0028.jpg 1 47 58 28 28
0082_0048_0008_0033_0033.jpg 1 48 8 33 33
0083_0006_0028_0058_0058.jpg 1 6 28 58 58
0084_0041_0023_0043_0043.jpg 1 41 23 43 43
0085_0021_0021_0065_0065.jpg 1 21 21 65 65
0086_0011_0010_0057_0057.jpg 1 11 10 57 57
0087_0013_0010_0063_0063.jpg 1 13 10 63 63
0088_0007_0007_0034_0034.jpg 1 7 7 34 34
0089_0037_0027_0025_0025.jpg 1 37 27 25 25
0090_0017_0014_0050_0050.jpg 1 17 14 50 50
0091_0046_0040_0029_0029.jpg 1 46 40 29 29
0092_0038_0045_0038_0038.jpg 1 38 45 38 38
0093_0010_0007_0044_0044.jpg 1 10 7 44 44
0094_0026_0034_0056_0056.jpg 1 26 34 56 56
0095_0043_0026_0050_0050.jpg 1 43 26 50 50
0096_0062_0020_0029_0029.jpg 1 62 20 29 29
0097_0031_0032_0049_0049.jpg 1 31 32 49 49
0098_0026_0020_0056_0056.jpg 1 26 20 56 56
0099_0005_0042_0045_0045.jpg 1 5 42 45 45
0100_0034_0028_0058_0058.jpg 1 34 28 58 58
0101_0027_0029_0035_0035.jpg 1 27 29 35 35
0102_0057_0062_0030_0030.jpg 1 57 62 30 30
0103_0007_0028_0066_0066.jpg 1 7 28 66 66
0104_0046_0044_0036_0036.jpg 1 46 44 36 36
0105_0046_0064_0024_0024.jpg 1 46 64 24 24
0106_0041_0041_0039_0039.jpg 1 41 41 39 39
0107_0023_0041_0026_0026.jpg 1 23 41 26 26
0108_0033_0022_0033_0033.jpg 1 33 22 33 33
0109_0006_0005_0049_0049.jpg 1 6 5 49 49
0110_0012_0027_0063_0063.jpg 1 12 27 63 63
0111_0012_0015_0059_0059.jpg 1 12 15 59 59
0112_0034_0013_0038_0038.jpg 1 34 13 38 38
0113_0037_0027_0053_0053.jpg 1 37 27 53 53
0114_0021_0027_0065_0065.jpg 1 21 27 65 65
0115_0029_0038_0057_0057.jpg 1 29 38 57 57
0116_0027_0048_0043_0043.jpg 1 27 48 43 43
0117_0022_0022_0060_0060.jpg 1 22 22 60 60
0118_0012_0024_0060_0060.jpg 1 12 24 60 60
0119_0017_0034_0025_0025.jpg 1 17 34 25 25
0120_0015_0015_0040_0040.jpg 1 15 15 40 40
0121_0037_0010_0045_0045.jpg 1 37 10 45 45
0122_0051_0043_0034_0034.jpg 1 51 43 34 34
0123_0042_0020_0038_0038.jpg 1 42 20 38 38
0124_0033_0021_0048_0048.jpg 1 33 21 48 48
0125_0034_0031_0052_0052.jpg 1 34 31 52 52
0126_0018_0014_0065_0065.jpg 1 18 14 65 65
0127_0032_0029_0024_0024.jpg 1 32 29 24 24
0128_0023_0009_0037_0037.jpg 1 23 9 37 37
0129_0034_0031_0035_0035.jpg 1 34 31 35 35
0130_0033_0016_0045_0045.jpg 1 33 16 45 45
0131_0011_0005_0051_0051.jpg 1 11 5 51 51
0132_0029_0041_0036_0036.jpg 1 29 41 36 36
0133_0006_0009_0064_0064.jpg 1 6 9 64 64
0134_0025_0045_0040_0040.jpg 1 25 45 40 40
0135_0030_0031_0046_0046.jpg 1 30 31 46 46
0136_0010_0012_0034_0034.jpg 1 10 12 34 34
0137_0029_0007_0035_0035.jpg 1 29 7 35 35
0138_0010_0030_0047_0047.jpg 1 10 30 47 47
0139_0050_0044_0042_0042.jpg 1 50 44 42 42
0140_0026_0009_0065_0065.jpg 1 26 9 65 65
0141_0009_0030_0062_0062.jpg 1 9 30 62 62
0142_0006_0036_0036_0036.jpg 1 6 36 36 36
0143_0028_0019_0030_0030.jpg 1 28 19 30 30
0144_0041_0021_0047_0047.jpg 1 41 21 47 47
0145_0021_0034_0035_0035.jpg 1 21 34 35 35
0146_0037_0016_0038_0038.jpg 1 37 16 38 38
0147_0006_0023_0054_0054.jpg 1 6 23 54 54
0148_0008_0018_0053_0053.jpg 1 8 18 53 53
0149_0019_0048_0045_0045.jpg 1 19 48 45 45
0150_0037_0034_0038_0038.jpg 1 37 34 38 38
0151_0006_0013_0042_0042.jpg 1 6 13 42 42
0152_0023_0046_0046_0046.jpg 1 23 46 46 46
0153_0033_0034_0033_0033.jpg 1 33 34 33 33
0154_0046_0035_0032_0032.jpg 1 46 35 32 32
0155_0030_0030_0055_0055.jpg 1 30 30 55 55
0156_0004_0021_0069_0069.jpg 1 4 21 69 69
0157_0021_0024_0049_0049.jpg 1 21 24 49 49
0158_0010_0016_0032_0032.jpg 1 10 16 32 32
0159_0016_0026_0046_0046.jpg 1 16 26 46 46
0160_0025_0011_0043_0043.jpg 1 25 11 43 43
0161_0007_0016_0066_0066.jpg 1 7 16 66 66
0162_0038_0028_0026_0026.jpg 1 38 28 26 26
0163_0022_0025_0065_0065.jpg 1 22 25 65 65
0164_0045_0010_0027_0027.jpg 1 45 10 27 27
0165_0029_0030_0058_0058.jpg 1 29 30 58 58
0166_0035_0051_0039_0039.jpg 1 35 51 39 39
0167_0050_0044_0033_0033.jpg 1 50 44 33 33
0168_0040_0025_0040_0040.jpg 1 40 25 40 40
0169_0025_0035_0059_0059.jpg 1 25 35 59 59
0170_0006_0013_0064_0064.jpg 1 6 13 64 64
0171_0009_0012_0069_0069.jpg 1 9 12 69 69
0172_0030_0011_0037_0037.jpg 1 30 11 37 37
0173_0033_0042_0030_0030.jpg 1 33 42 30 30
0174_0014_0028_0053_0053.jpg 1 14 28 53 53
0175_0064_0011_0024_0024.jpg 1 64 11 24 24
0176_0009_0027_0038_0038.jpg 1 9 27 38 38
0177_0022_0029_0064_0064.jpg 1 22 29 64 64
0178_0027_0015_0067_0067.jpg 1 27 15 67 67
0179_0036_0017_0029_0029.jpg 1 36 17 29 29
0180_0025_0036_0057_0057.jpg 1 25 36 57 57
0181_0012_0021_0048_0048.jpg 1 12 21 48 48
0182_0043_0008_0035_0035.jpg 1 43 8 35 35
0183_0019_0028_0050_0050.jpg 1 19 28 50 50
0184_0019_0028_0043_0043.jpg 1 19 28 43 43
0185_0025_0031_0060_0060.jpg 1 25 31 60 60
0186_0049_0023_0033_0033.jpg 1 49 23 33 33
0187_0041_0025_0033_0033.jpg 1 41 25 33 33
0188_0046_0027_0035_0035.jpg 1 46 27 35 35
0189_0006_0020_0042_0042.jpg 1 6 20 42 42
0190_0006_0028_0064_0064.jpg 1 6 28 64 64
0191_0026_0013_0069_0069.jpg 1 26 13 69 69
0192_0028_0007_0066_0066.jpg 1 28 7 66 66
0193_0011_0020_0032_0032.jpg 1 11 20 32 32
0194_0027_0033_0051_0051.jpg 1 27 33 51 51
0195_0049_0030_0034_0034.jpg 1 49 30 34 34
0196_0013_0017_0065_0065.jpg 1 13 17 65 65
0197_0033_0008_0053_0053.jpg 1 33 8 53 53
0198_0030_0006_0055_0055.jpg 1 30 6 55 55
0199_0009_0011_0045_0045.jpg 1 9 11 45 45
0200_0036_0025_0034_0034.jpg 1 36 25 34 34
0201_0013_0029_0060_0060.jpg 1 13 29 60 60
0202_0022_0008_0040_0040.jpg 1 22 8 40 40
0203_0023_0029_0041_0041.jpg 1 23 29 41 41
0204_0038_0032_0057_0057.jpg 1 38 32 57 57
0205_0028_0019_0066_0066.jpg 1 28 19 66 66
0206_0029_0029_0044_0044.jpg 1 29 29 44 44
0207_0022_0032_0063_0063.jpg 1 22 32 63 63
0208_0039_0048_0036_0036.jpg 1 39 48 36 36
0209_0018_0007_0025_0025.jpg 1 18 7 25 25
0210_0026_0029_0025_0025.jpg 1 26 29 25 25
0211_0027_0011_0034_0034.jpg 1 27 11 34 34
0212_0039_0015_0039_0039.jpg 1 39 15 39 39
0213_0030_0015_0042_0042.jpg 1 30 15 42 42
0214_0014_0032_0052_0052.jpg 1 14 32 52 52
0215_0043_0048_0028_0028.jpg 1 43 48 28 28
0216_0035_0028_0044_0044.jpg 1 35 28 44 44
0217_0022_0026_0041_0041.jpg 1 22 26 41 41
0218_0031_0054_0029_0029.jpg 1 31 54 29 29
0219_0021_0017_0066_0066.jpg 1 21 17 66 66
0220_0024_0005_0048_0048.jpg 1 24 5 48 48
0221_0028_0010_0040_0040.jpg 1 28 10 40 40
0222_0021_0007_0025_0025.jpg 1 21 7 25 25
0223_0037_0024_0039_0039.jpg 1 37 24 39 39
0224_0031_0016_0053_0053.jpg 1 31 16 53 53
0225_0022_0018_0058_0058.jpg 1 22 18 58 58
0226_0012_0010_0064_0064.jpg 1 12 10 64 64
0227_0011_0025_0045_0045.jpg 1 11 25 45 45
0228_0040_0027_0036_0036.jpg 1 40 27 36 36
0229_0005_0023_0064_0064.jpg 1 5 23 64 64
0230_0040_0019_0036_0036.jpg 1 40 19 36 36
0231_0010_0020_0045_0045.jpg 1 10 20 45 45
0232_0024_0005_0061_0061.jpg 1 24 5 61 61
0233_0020_0024_0067_0067.jpg 1 20 24 67 67
0234_0035_0023_0059_0059.jpg 1 35 23 59 59
0235_0009_0027_0051_0051.jpg 1 9 27 51 51
0236_0061_0015_0031_0031.jpg 1 61 15 31 31
0237_0017_0047_0034_0034.jpg 1 17 47 34 34
0238_0012_0021_0031_0031.jpg 1 12 21 31 31
0239_0019_0008_0028_0028.jpg 1 19 8 28 28
0240_0029_0021_0040_0040.jpg 1 29 21 40 40
0241_0008_0051_0037_0037.jpg 1 8 51 37 37
0242_0036_0044_0031_0031.jpg 1 36 44 31 31
0243_0033_0035_0057_0057.jpg 1 33 35 57 57
0244_0021_0036_0055_0055.jpg 1 21 36 55 55
0245_0032_0013_0044_0044.jpg 1 32 13 44 44
0246_0011_0034_0037_0037.jpg 1 11 34 37 37
0247_0062_0030_0027_0027.jpg 1 62 30 27 27
0248_0046_0044_0026_0026.jpg 1 46 44 26 26
0249_0029_0032_0054_0054.jpg 1 29 32 54 54
0250_0025_0049_0043_0043.jpg 1 25 49 43 43
0251_0018_0036_0037_0037.jpg 1 18 36 37 37
0252_0008_0010_0055_0055.jpg 1 8 10 55 55
0253_0007_0014_0058_0058.jpg 1 7 14 58 58
0254_0029_0028_0063_0063.jpg 1 29 28 63 63
0255_0025_0027_0069_0069.jpg 1 25 27 69 69
0256_0033_0006_0058_0058.jpg 1 33 6 58 58
0257_0017_0023_0054_0054.jpg 1 17 23 54 54
0258_0016_0028_0062_0062.jpg 1 16 28 62 62
0259_0022_0030_0026_0026.jpg 1 22 30 26 26
0260_0020_0022_0039_0039.jpg 1 20 22 39 39
0261_0046_0012_0034_0034.jpg 1 46 12 34 34
0262_0012_0033_0054_0054.jpg 1 12 33 54 54
0263_0040_0031_0050_0050.jpg 1 40 31 50 50
0264_0016_0044_0033_0033.jpg 1 16 44 33 33
0265_0044_0029_0030_0030.jpg 1 44 29 30 30
0266_0044_0028_0046_0046.jpg 1 44 28 46 46
0267_0026_0014_0069_0069.jpg 1 26 14 69 69
0268_0044_0028_0046_0046.jpg 1 44 28 46 46
0269_0057_0042_0034_0034.jpg 1 57 42 34 34
0270_0041_0027_0035_0035.jpg 1 41 27 35 35
0271_0032_0006_0053_0053.jpg 1 32 6 53 53
0272_0024_0009_0045_0045.jpg 1 24 9 45 45
0273_0024_0025_0055_0055.jpg 1 24 25 55 55
0274_0031_0028_0052_0052.jpg 1 31 28 52 52
0275_0014_0015_0056_0056.jpg 1 14 15 56 56
0276_0038_0058_0035_0035.jpg 1 38 58 35 35
0277_0031_0035_0059_0059.jpg 1 31 35 59 59
0278_0044_0047_0035_0035.jpg 1 44 47 35 35
0279_0008_0014_0064_0064.jpg 1 8 14 64 64
0280_0029_0006_0056_0056.jpg 1 29 6 56 56
0281_0039_0040_0024_0024.jpg 1 39 40 24 24
0282_0030_0012_0048_0048.jpg 1 30 12 48 48
0283_0008_0019_0068_0068.jpg 1 8 19 68 68
0284_0013_0009_0050_0050.jpg 1 13 9 50 50
0285_0042_0043_0048_0048.jpg 1 42 43 48 48
0286_0047_0039_0035_0035.jpg 1 47 39 35 35
0287_0036_0006_0058_0058.jpg 1 36 6 58 58
0288_0020_0060_0030_0030.jpg 1 20 60 30 30
0289_0008_0003_0062_0062.jpg 1 8 3 62 62
0290_0021_0011_0024_0024.jpg 1 21 11 24 24
0291_0018_0016_0066_0066.jpg 1 18 16 66 66
0292_0019_0025_0059_0059.jpg 1 19 25 59 59
0293_0059_0058_0024_0024.jpg 1 59 58 24 24
0294_0025_0043_0046_0046.jpg 1 25 43 46 46
0295_0013_0005_0066_0066.jpg 1 13 5 66 66
0296_0032_0036_0051_0051.jpg 1 32 36 51 51
0297_0062_0038_0026_0026.jpg 1 62 38 26 26
0298_0044_0036_0050_0050.jpg 1 44 36 50 50
0299_0019_0007_0046_0046.jpg 1 19 7 46 46
0300_0007_0041_0034_0034.jpg 1 7 41 34 34
0301_0005_0031_0064_0064.jpg 1 5 31 64 64
0302_0017_0006_0060_0060.jpg 1 17 6 60 60
0303_0008_0032_0062_0062.jpg 1 8 32 62 62
0304_0057_0052_0029_0029.jpg 1 57 52 29 29
0305_0035_0009_0053_0053.jpg 1 35 9 53 53
0306_0017_0043_0041_0041.jpg 1 17 43 41 41
0307_0023_0029_0050_0050.jpg 1 23 29 50 50
0308_0027_0046_0029_0029.jpg 1 27 46 29 29
0309_0031_0035_0038_0038.jpg 1 31 35 38 38
0310_0007_0041_0045_0045.jpg 1 7 41 45 45
0311_0034_0019_0052_0052.jpg 1 34 19 52 52
0312_0031_0031_0043_0043.jpg 1 31 31 43 43
0313_0030_0024_0050_0050.jpg 1 30 24 50 50
0314_0007_0038_0037_0037.jpg 1 7 38 37 37
0315_0022_0039_0034_0034.jpg 1 22 39 34 34
0316_0016_0006_0060_0060.jpg 1 16 6 60 60
0317_0009_0004_0069_0069.jpg 1 9 4 69 69
0318_0012_0004_0059_0059.jpg 1 12 4 59 59
0319_0018_0019_0067_0067.jpg 1 18 19 67 67
0320_0045_0024_0040_0040.jpg 1 45 24 40 40
0321_0035_0022_0055_0055.jpg 1 35 22 55 55
0322_0015_0015_0030_0030.jpg 1 15 15 30 30
0323_0039_0014_0045_0045.jpg 1 39 14 45 45
0324_0024_0049_0031_0031.jpg 1 24 49 31 31
0325_0024_0012_0062_0062.jpg 1 24 12 62 62
0326_0009_0022_0039_0039.jpg 1 9 22 39 39
0327_0036_0012_0035_0035.jpg 1 36 12 35 35
0328_0011_0051_0032_0032.jpg 1 11 51 32 32
0329_0058_0007_0034_0034.jpg 1 58 7 34 34
0330_0057_0054_0036_0036.jpg 1 57 54 36 36
0331_0028_0011_0052_0052.jpg 1 28 11 52 52
0332_0033_0044_0047_0047.jpg 1 33 44 47 47
0333_0025_0023_0067_0067.jpg 1 25 23 67 67
0334_0008_0022_0053_0053.jpg 1 8 22 53 53
0335_0022_0039_0043_0043.jpg 1 22 39 43 43
0336_0038_0053_0037_0037.jpg 1 38 53 37 37
0337_0013_0014_0049_0049.jpg 1 13 14 49 49
0338_0039_0031_0053_0053.jpg 1 39 31 53 53
0339_0033_0044_0024_0024.jpg 1 33 44 24 24
0340_0028_0019_0057_0057.jpg 1 28 19 57 57
0341_0036_0022_0053_0053.jpg 1 36 22 53 53
0342_0003_0021_0065_0065.jpg 1 3 21 65 65
0343_0018_0018_0061_0061.jpg 1 18 18 61 61
0344_0015_0016_0029_0029.jpg 1 15 16 29 29
0345_0023_0019_0057_0057.jpg 1 23 19 57 57
0346_0027_0012_0053_0053.jpg 1 27 12 53 53
0347_0006_0007_0054_0054.jpg 1 6 7 54 54
0348_0010_0017_0060_0060.jpg 1 10 17 60 60
0349_0020_0038_0033_0033.jpg 1 20 38 33 33
0350_0043_0040_0027_0027.jpg 1 43 40 27 27
0351_0013_0010_0057_0057.jpg 1 13 10 57 57
0352_0026_0018_0067_0067.jpg 1 26 18 67 67
0353_0032_0010_0044_0044.jpg 1 32 10 44 44
0354_0055_0045_0025_0025.jpg 1 55 45 25 25
0355_0013_0021_0025_0025.jpg 1 13 21 25 25
0356_0027_0019_0030_0030.jpg 1 27 19 30 30
0357_0018_0046_0045_0045.jpg 1 18 46 45 45
0358_0023_0016_0050_0050.jpg 1 23 16 50 50
0359_0021_0047_0042_0042.jpg 1 21 47 42 42
0360_0008_0037_0050_0050.jpg 1 8 37 50 50
0361_0054_0031_0037_0037.jpg 1 54 31 37 37
0362_0004_0032_0054_0054.jpg 1 4 32 54 54
0363_0044_0028_0049_0049.jpg 1 44 28 49 49
0364_0021_0046_0041_0041.jpg 1 21 46 41 41
0365_0021_0015_0058_0058.jpg 1 21 15 58 58
0366_0055_0014_0026_0026.jpg 1 55 14 26 26
0367_0047_0008_0040_0040.jpg 1 47 8 40 40
0368_0034_0013_0049_0049.jpg 1 34 13 49 49
0369_0025_0005_0052_0052.jpg 1 25 5 52 52
0370_0045_0027_0024_0024.jpg 1 45 27 24 24
0371_0020_0040_0054_0054.jpg 1 20 40 54 54
0372_0032_0029_0062_0062.jpg 1 32 29 62 62
0373_0010_0035_0036_0036.jpg 1 10 35 36 36
0374_0022_0022_0045_0045.jpg 1 22 22 45 45
0375_0010_0029_0049_0049.jpg 1 10 29 49 49
0376_0027_0041_0025_0025.jpg 1 27 41 25 25
0377_0024_0021_0055_0055.jpg 1 24 21 55 55
0378_0026_0017_0051_0051.jpg 1 26 17 51 51
0379_0014_0026_0060_0060.jpg 1 14 26 60 60
0380_0023_0035_0027_0027.jpg 1 23 35 27 27
0381_0028_0016_0066_0066.jpg 1 28 16 66 66
0382_0008_0036_0033_0033.jpg 1 8 36 33 33
0383_0003_0014_0062_0062.jpg 1 3 14 62 62
0384_0030_0036_0046_0046.jpg 1 30 36 46 46
0385_0030_0012_0056_0056.jpg 1 30 12 56 56
0386_0013_0020_0054_0054.jpg 1 13 20 54 54
0387_0013_0029_0064_0064.jpg 1 13 29 64 64
0388_0028_0035_0045_0045.jpg 1 28 35 45 45
0389_0011_0026_0053_0053.jpg 1 11 26 53 53
0390_0031_0059_0033_0033.jpg 1 31 59 33 33
0391_0031_0019_0040_0040.jpg 1 31 19 40 40
0392_0045_0011_0035_0035.jpg 1 45 11 35 35
0393_0026_0036_0025_0025.jpg 1 26 36 25 25
0394_0044_0050_0032_0032.jpg 1 44 50 32 32
0395_0007_0021_0054_0054.jpg 1 7 21 54 54
0396_0040_0029_0051_0051.jpg 1 40 29 51 51
0397_0013_0034_0054_0054.jpg 1 13 34 54 54
0398_0031_0035_0033_0033.jpg 1 31 35 33 33
0399_0052_0010_0030_0030.jpg 1 52 10 30 30
0400_0026_0020_0059_0059.jpg 1 26 20 59 59
0401_0050_0041_0036_0036.jpg 1 50 41 36 36
0402_0015_0011_0056_0056.jpg 1 15 11 56 56
0403_0019_0023_0030_0030.jpg 1 19 23 30 30
0404_0050_0022_0039_0039.jpg 1 50 22 39 39
0405_0036_0022_0047_0047.jpg 1 36 22 47 47
0406_0024_0006_0066_0066.jpg 1 24 6 66 66
0407_0009_0020_0063_0063.jpg 1 9 20 63 63
0408_0012_0013_0028_0028.jpg 1 12 13 28 28
0409_0055_0011_0034_0034.jpg 1 55 11 34 34
0410_0021_0017_0050_0050.jpg 1 21 17 50 50
0411_0054_0050_0035_0035.jpg 1 54 50 35 35
0412_0030_0017_0056_0056.jpg 1 30 17 56 56
0413_0033_0025_0044_0044.jpg 1 33 25 44 44
0414_0009_0032_0049_0049.jpg 1 9 32 49 49
0415_0035_0027_0050_0050.jpg 1 35 27 50 50
0416_0013_0026_0067_0067.jpg 1 13 26 67 67
0417_0046_0008_0048_0048.jpg 1 46 8 48 48
0418_0018_0040_0037_0037.jpg 1 18 40 37 37
0419_0042_0040_0029_0029.jpg 1 42 40 29 29
0420_0062_0057_0027_0027.jpg 1 62 57 27 27
0421_0029_0034_0052_0052.jpg 1 29 34 52 52
0422_0028_0034_0054_0054.jpg 1 28 34 54 54
0423_0023_0003_0065_0065.jpg 1 23 3 65 65
0424_0021_0028_0054_0054.jpg 1 21 28 54 54
0425_0039_0010_0025_0025.jpg 1 39 10 25 25
0426_0031_0046_0044_0044.jpg 1 31 46 44 44
0427_0024_0006_0061_0061.jpg 1 24 6 61 61
0428_0027_0036_0056_0056.jpg 1 27 36 56 56
0429_0005_0024_0057_0057.jpg 1 5 24 57 57
0430_0008_0019_0044_0044.jpg 1 8 19 44 44
0431_0049_0026_0037_0037.jpg 1 49 26 37 37
0432_0027_0013_0028_0028.jpg 1 27 13 28 28
0433_0017_0010_0035_0035.jpg 1 17 10 35 35
0434_0018_0006_0057_0057.jpg 1 18 6 57 57
0435_0019_0049_0041_0041.jpg 1 19 49 41 41
0436_0064_0058_0026_0026.jpg 1 64 58 26 26
0437_0020_0032_0026_0026.jpg 1 20 32 26 26
0438_0032_0025_0033_0033.jpg 1 32 25 33 33
0439_0048_0007_0043_0043.jpg 1 48 7 43 43
0440_0039_0036_0032_0032.jpg 1 39 36 32 32
0441_0028_0043_0033_0033.jpg 1 28 43 33 33
0442_0010_0010_0033_0033.jpg 1 10 10 33 33
0443_0020_0019_0068_0068.jpg 1 20 19 68 68
0444_0017_0028_0039_0039.jpg 1 17 28 39 39
0445_0024_0032_0053_0053.jpg 1 24 32 53 53
0446_0027_0014_0034_0034.jpg 1 27 14 34 34
0447_0024_0019_0043_0043.jpg 1 24 19 43 43
0448_0025_0048_0044_0044.jpg 1 25 48 44 44
0449_0048_0036_0045_0045.jpg 1 48 36 45 45
0450_0017_0011_0056_0056.jpg 1 17 11 56 56
0451_0009_0003_0066_0066.jpg 1 9 3 66 66
0452_0029_0024_0062_0062.jpg 1 29 24 62 62
0453_0026_0009_0054_0054.jpg 1 26 9 54 54
0454_0025_0020_0066_0066.jpg 1 25 20 66 66
0455_0009_0019_0046_0046.jpg 1 9 19 46 46
0456_0026_0018_0067_0067.jpg 1 26 18 67 67
0457_0022_0010_0053_0053.jpg 1 22 10 53 53
0458_0033_0042_0047_0047.jpg 1 33 42 47 47
0459_0011_0024_0064_0064.jpg 1 11 24 64 64
0460_0016_0013_0061_0061.jpg 1 16 13 61 61
0461_0023_0022_0053_0053.jpg 1 23 22 53 53
0462_0035_0005_0049_0049.jpg 1 35 5 49 49
0463_0041_0014_0031_0031.jpg 1 41 14 31 31
0464_0041_0010_0048_0048.jpg 1 41 10 48 48
0465_0010_0028_0067_0067.jpg 1 10 28 67 67
0466_0014_0013_0057_0057.jpg 1 14 13 57 57
0467_0009_0018_0040_0040.jpg 1 9 18 40 40
0468_0010_0012_0064_0064.jpg 1 10 12 64 64
0469_0006_0046_0042_0042.jpg 1 6 46 42 42
0470_0034_0010_0031_0031.jpg 1 34 10 31 31
0471_0017_0055_0030_0030.jpg 1 17 55 30 30
0472_0031_0025_0060_0060.jpg 1 31 25 60 60
0473_0035_0011_0046_0046.jpg 1 35 11 46 46
0474_0017_0016_0049_0049.jpg 1 17 16 49 49
0475_0038_0006_0050_0050.jpg 1 38 6 50 50
0476_0020_0030_0056_0056.jpg 1 20 30 56 56
0477_0028_0021_0049_0049.jpg 1 28 21 49 49
0478_0018_0017_0061_0061.jpg 1 18 17 61 61
0479_0027_0026_0050_0050.jpg 1 27 26 50 50
0480_0018_0015_0032_0032.jpg 1 18 15 32 32
0481_0006_0032_0053_0053.jpg 1 6 32 53 53
0482_0047_0060_0024_0024.jpg 1 47 60 24 24
0483_0018_0042_0039_0039.jpg 1 18 42 39 39
0484_0017_0024_0059_0059.jpg 1 17 24 59 59
0485_0014_0040_0045_0045.jpg 1 14 40 45 45
0486_0018_0040_0029_0029.jpg 1 18 40 29 29
0487_0043_0006_0033_0033.jpg 1 43 6 33 33
0488_0039_0047_0031_0031.jpg 1 39 47 31 31
0489_0060_0023_0027_0027.jpg 1 60 23 27 27
0490_0021_0024_0069_0069.jpg 1 21 24 69 69
0491_0049_0011_0031_0031.jpg 1 49 11 31 31
0492_0020_0008_0049_0049.jpg 1 20 8 49 49
0493_0018_0014_0064_0064.jpg 1 18 14 64 64
0494_0014_0007_0031_0031.jpg 1 14 7 31 31
0495_0012_0017_0067_0067.jpg 1 12 17 67 67
0496_0030_0018_0042_0042.jpg 1 30 18 42 42
0497_0020_0031_0060_0060.jpg 1 20 31 60 60
0498_0016_0037_0043_0043.jpg 1 16 37 43 43
0499_0025_0010_0054_0054.jpg 1 25 10 54 54
0500_0010_0042_0048_0048.jpg 1 10 42 48 48
0501_0023_0006_0069_0069.jpg 1 23 6 69 69
0502_0015_0033_0043_0043.jpg 1 15 33 43 43
0503_0013_0021_0054_0054.jpg 1 13 21 54 54
0504_0046_0040_0045_0045.jpg 1 46 40 45 45
0505_0017_0011_0062_0062.jpg 1 17 11 62 62
0506_0037_0033_0041_0041.jpg 1 37 33 41 41
0507_0051_0016_0035_0035.jpg 1 51 16 35 35
0508_0059_0020_0033_0033.jpg 1 59 20 33 33
0509_0035_0033_0044_0044.jpg 1 35 33 44 44
0510_0014_0025_0037_0037.jpg 1 14 25 37 37
0511_0032_0014_0039_0039.jpg 1 32 14 39 39
0512_0006_0029_0034_0034.jpg 1 6 29 34 34
0513_0027_0019_0042_0042.jpg 1 27 19 42 42
0514_0029_0034_0040_0040.jpg 1 29 34 40 40
0515_0011_0025_0052_0052.jpg 1 11 25 52 52
0516_0021_0017_0052_0052.jpg 1 21 17 52 52
0517_0010_0005_0069_0069.jpg 1 10 5 69 69
0518_0018_0009_0051_0051.jpg 1 18 9 51 51
0519_0024_0021_0065_0065.jpg 1 24 21 65 65
0520_0046_0029_0043_0043.jpg 1 46 29 43 43
0521_0020_0014_0038_0038.jpg 1 20 14 38 38
0522_0040_0022_0035_0035.jpg 1 40 22 35 35
0523_0028_0025_0062_0062.jpg 1 28 25 62 62
0524_0064_0039_0026_0026.jpg 1 64 39 26 26
0525_0036_0064_0026_0026.jpg 1 36 64 26 26
0526_0024_0039_0026_0026.jpg 1 24 39 26 26
0527_0038_0029_0055_0055.jpg 1 38 29 55 55
0528_0015_0028_0067_0067.jpg 1 15 28 67 67
0529_0007_0022_0053_0053.jpg 1 7 22 53 53
0530_0024_0023_0061_0061.jpg 1 24 23 61 61
0531_0020_0014_0069_0069.jpg 1 20 14 69 69
0532_0037_0026_0056_0056.jpg 1 37 26 56 56
0533_0039_0009_0030_0030.jpg 1 39 9 30 30
0534_0016_0030_0063_0063.jpg 1 16 30 63 63
0535_0019_0012_0049_0049.jpg 1 19 12 49 49
0536_0014_0010_0048_0048.jpg 1 14 10 48 48
0537_0022_0008_0051_0051.jpg 1 22 8 51 51
0538_0040_0033_0051_0051.jpg 1 40 33 51 51
0539_0030_0032_0032_0032.jpg 1 30 32 32 32
0540_0037_0039_0033_0033.jpg 1 37 39 33 33
0541_0042_0006_0051_0051.jpg 1 42 6 51 51
0542_0024_0024_0048_0048.jpg 1 24 24 48 48
0543_0015_0007_0059_0059.jpg 1 15 7 59 59
0544_0006_0019_0058_0058.jpg 1 6 19 58 58
0545_0029_0009_0064_0064.jpg 1 29 9 64 64
0546_0026_0025_0052_0052.jpg 1 26 25 52 52
0547_0005_0044_0050_0050.jpg 1 5 44 50 50
0548_0045_0027_0030_0030.jpg 1 45 27 30 30
0549_0017_0043_0047_0047.jpg 1 17 43 47 47
0550_0027_0020_0061_0061.jpg 1 27 20 61 61
0551_0018_0019_0068_0068.jpg 1 18 19 68 68
0552_0060_0061_0031_0031.jpg 1 60 61 31 31
0553_0033_0057_0024_0024.jpg 1 33 57 24 24
0554_0029_0028_0066_0066.jpg 1 29 28 66 66
0555_0011_0013_0057_0057.jpg 1 11 13 57 57
0556_0008_0038_0047_0047.jpg 1 8 38 47 47
0557_0018_0028_0057_0057.jpg 1 18 28 57 57
0558_0035_0022_0046_0046.jpg 1 35 22 46 46
0559_0019_0005_0060_0060.jpg 1 19 5 60 60
0560_0011_0026_0061_0061.jpg 1 11 26 61 61
0561_0018_0034_0062_0062.jpg 1 18 34 62 62
0562_0031_0007_0058_0058.jpg 1 31 7 58 58
0563_0031_0040_0044_0044.jpg 1 31 40 44 44
0564_0030_0019_0056_0056.jpg 1 30 19 56 56
0565_0060_0055_0031_0031.jpg 1 60 55 31 31
0566_0025_0027_0068_0068.jpg 1 25 27 68 68
0567_0051_0020_0028_0028.jpg 1 51 20 28 28
0568_0057_0048_0024_0024.jpg 1 57 48 24 24
0569_0043_0048_0026_0026.jpg 1 43 48 26 26
0570_0015_0018_0065_0065.jpg 1 15 18 65 65
0571_0006_0026_0057_0057.jpg 1 6 26 57 57
0572_0008_0026_0041_0041.jpg 1 8 26 41 41
0573_0014_0049_0025_0025.jpg 1 14 49 25 25
0574_0043_0052_0035_0035.jpg 1 43 52 35 35
0575_0008_0033_0035_0035.jpg 1 8 33 35 35
0576_0021_0016_0065_0065.jpg 1 21 16 65 65
0577_0042_0040_0035_0035.jpg 1 42 40 35 35
0578_0024_0022_0032_0032.jpg 1 24 22 32 32
0579_0039_0016_0034_0034.jpg 1 39 16 34 34
0580_0027_0025_0063_0063.jpg 1 27 25 63 63
0581_0019_0025_0066_0066.jpg 1 19 25 66 66
0582_0061_0052_0030_0030.jpg 1 61 52 30 30
0583_0062_0048_0028_0028.jpg 1 62 48 28 28
0584_0014_0029_0033_0033.jpg 1 14 29 33 33
0585_0006_0023_0041_0041.jpg 1 6 23 41 41
0586_0011_0017_0028_0028.jpg 1 11 17 28 28
0587_0026_0005_0058_0058.jpg 1 26 5 58 58
0588_0042_0021_0044_0044.jpg 1 42 21 44 44
0589_0027_0040_0054_0054.jpg 1 27 40 54 54
0590_0046_0007_0048_0048.jpg 1 46 7 48 48
0591_0007_0004_0067_0067.jpg 1 7 4 67 67
0592_0022_0038_0057_0057.jpg 1 22 38 57 57
0593_0040_0019_0039_0039.jpg 1 40 19 39 39
0594_0003_0026_0065_0065.jpg 1 3 26 65 65
0595_0027_0036_0044_0044.jpg 1 27 36 44 44
0596_0021_0038_0044_0044.jpg 1 21 38 44 44
0597_0026_0062_0024_0024.jpg 1 26 62 24 24
0598_0017_0044_0046_0046.jpg 1 17 44 46 46
0599_0055_0030_0031_0031.jpg 1 55 30 31 31
0600_0015_0023_0066_0066.jpg 1 15 23 66 66
0601_0028_0019_0060_0060.jpg 1 28 19 60 60
0602_0015_0022_0068_0068.jpg 1 15 22 68 68
0603_0015_0015_0067_0067.jpg 1 15 15 67 67
0604_0037_0019_0033_0033.jpg 1 37 19 33 33
0605_0034_0015_0036_0036.jpg 1 34 15 36 36
0606_0012_0020_0039_0039.jpg 1 12 20 39 39
0607_0049_0044_0043_0043.jpg 1 49 44 43 43
0608_0006_0022_0033_0033.jpg 1 6 22 33 33
0609_0015_0015_0065_0065.jpg 1 15 15 65 65
0610_0010_0014_0066_0066.jpg 1 10 14 66 66
0611_0021_0022_0051_0051.jpg 1 21 22 51 51
0612_0014_0045_0036_0036.jpg 1 14 45 36 36
0613_0045_0021_0044_0044.jpg 1 45 21 44 44
0614_0028_0031_0052_0052.jpg 1 28 31 52 52
0615_0024_0015_0067_0067.jpg 1 24 15 67 67
0616_0008_0021_0062_0062.jpg 1 8 21 62 62
0617_0020_0027_0068_0068.jpg 1 20 27 68 68
0618_0016_0023_0069_0069.jpg 1 16 23 69 69
0619_0026_0053_0034_0034.jpg 1 26 53 34 34
0620_0006_0018_0042_0042.jpg 1 6 18 42 42
0621_0012_0055_0031_0031.jpg 1 12 55 31 31
0622_0033_0037_0032_0032.jpg 1 33 37 32 32
0623_0052_0008_0032_0032.jpg 1 52 8 32 32
0624_0027_0009_0038_0038.jpg 1 27 9 38 38
0625_0035_0025_0036_0036.jpg 1 35 25 36 36
0626_0048_0056_0033_0033.jpg 1 48 56 33 33
0627_0037_0027_0052_0052.jpg 1 37 27 52 52
0628_0006_0032_0035_0035.jpg 1 6 32 35 35
0629_0057_0054_0026_0026.jpg 1 57 54 26 26
0630_0008_0014_0063_0063.jpg 1 8 14 63 63
0631_0040_0065_0024_0024.jpg 1 40 65 24 24
0632_0010_0013_0045_0045.jpg 1 10 13 45 45
0633_0027_0038_0052_0052.jpg 1 27 38 52 52
0634_0009_0027_0057_0057.jpg 1 9 27 57 57
0635_0034_0015_0040_0040.jpg 1 34 15 40 40
0636_0027_0043_0047_0047.jpg 1 27 43 47 47
0637_0019_0015_0053_0053.jpg 1 19 15 53 53
0638_0019_0008_0065_0065.jpg 1 19 8 65 65
0639_0034_0004_0054_0054.jpg 1 34 4 54 54
0640_0011_0012_0035_0035.jpg 1 11 12 35 35
0641_0033_0025_0058_0058.jpg 1 33 25 58 58
0642_0021_0008_0033_0033.jpg 1 21 8 33 33
0643_0034_0048_0042_0042.jpg 1 34 48 42 42
0644_0007_0019_0041_0041.jpg 1 7 19 41 41
0645_0036_0034_0031_0031.jpg 1 36 34 31 31
0646_0024_0003_0065_0065.jpg 1 24 3 65 65
0647_0061_0061_0027_0027.jpg 1 61 61 27 27
0648_0011_0013_0056_0056.jpg 1 11 13 56 56
0649_0016_0022_0042_0042.jpg 1 16 22 42 42
0650_0027_0021_0061_0061.jpg 1 27 21 61 61
0651_0017_0025_0062_0062.jpg 1 17 25 62 62
0652_0025_0030_0057_0057.jpg 1 25 30 57 57
0653_0030_0026_0049_0049.jpg 1 30 26 49 49
0654_0017_0046_0027_0027.jpg 1 17 46 27 27
0655_0011_0033_0055_0055.jpg 1 11 33 55 55
0656_0028_0020_0068_0068.jpg 1 28 20 68 68
0657_0052_0012_0035_0035.jpg 1 52 12 35 35
0658_0007_0017_0066_0066.jpg 1 7 17 66 66
0659_0045_0053_0029_0029.jpg 1 45 53 29 29
0660_0024_0004_0065_0065.jpg 1 24 4 65 65
0661_0005_0004_0068_0068.jpg 1 5 4 68 68
0662_0037_0024_0058_0058.jpg 1 37 24 58 58
0663_0024_0026_0065_0065.jpg 1 24 26 65 65
0664_0019_0031_0040_0040.jpg 1 19 31 40 40
0665_0027_0005_0049_0049.jpg 1 27 5 49 49
0666_0015_0045_0040_0040.jpg 1 15 45 40 40
0667_0012_0004_0062_0062.jpg 1 12 4 62 62
0668_0017_0017_0050_0050.jpg 1 17 17 50 50
0669_0041_0026_0034_0034.jpg 1 41 26 34 34
0670_0027_0021_0062_0062.jpg 1 27 21 62 62
0671_0015_0021_0049_0049.jpg 1 15 21 49 49
0672_0040_0011_0032_0032.jpg 1 40 11 32 32
0673_0015_0024_0046_0046.jpg 1 15 24 46 46
0674_0023_0014_0057_0057.jpg 1 23 14 57 57
0675_0045_0007_0049_0049.jpg 1 45 7 49 49
0676_0017_0046_0030_0030.jpg 1 17 46 30 30
0677_0009_0012_0064_0064.jpg 1 9 12 64 64
0678_0047_0038_0025_0025.jpg 1 47 38 25 25
0679_0019_0012_0051_0051.jpg 1 19 12 51 51
0680_0034_0004_0054_0054.jpg 1 34 4 54 54
0681_0008_0022_0068_0068.jpg 1 8 22 68 68
0682_0016_0039_0040_0040.jpg 1 16 39 40 40
0683_0022_0021_0041_0041.jpg 1 22 21 41 41
0684_0013_0009_0067_0067.jpg 1 13 9 67 67
0685_0022_0008_0048_0048.jpg 1 22 8 48 48
0686_0018_0030_0054_0054.jpg 1 18 30 54 54
0687_0011_0008_0024_0024.jpg 1 11 8 24 24
0688_0018_0036_0050_0050.jpg 1 18 36 50 50
0689_0019_0030_0060_0060.jpg 1 19 30 60 60
0690_0056_0035_0034_0034.jpg 1 56 35 34 34
0691_0047_0008_0043_0043.jpg 1 47 8 43 43
0692_0012_0022_0056_0056.jpg 1 12 22 56 56
0693_0046_0015_0046_0046.jpg 1 46 15 46 46
0694_0009_0008_0039_0039.jpg 1 9 8 39 39
0695_0009_0023_0067_0067.jpg 1 9 23 67 67
0696_0051_0018_0025_0025.jpg 1 51 18 25 25
0697_0019_0015_0057_0057.jpg 1 19 15 57 57
0698_0043_0042_0040_0040.jpg 1 43 42 40 40
0699_0026_0031_0059_0059.jpg 1 26 31 59 59
0700_0022_0029_0060_0060.jpg 1 22 29 60 60
0701_0017_0038_0056_0056.jpg 1 17 38 56 56
0702_0042_0032_0028_0028.jpg 1 42 32 28 28
0703_0027_0011_0029_0029.jpg 1 27 11 29 29
0704_0030_0040_0025_0025.jpg 1 30 40 25 25
0705_0022_0017_0046_0046.jpg 1 22 17 46 46
0706_0054_0009_0033_0033.jpg 1 54 9 33 33
0707_0013_0027_0047_0047.jpg 1 13 27 47 47
0708_0023_0006_0063_0063.jpg 1 23 6 63 63
0709_0028_0063_0025_0025.jpg 1 28 63 25 25
0710_0023_0021_0060_0060.jpg 1 23 21 60 60
0711_0022_0014_0024_0024.jpg 1 22 14 24 24
0712_0015_0027_0061_0061.jpg 1 15 27 61 61
0713_0018_0024_0062_0062.jpg 1 18 24 62 62
0714_0022_0018_0064_0064.jpg 1 22 18 64 64
0715_0032_0024_0058_0058.jpg 1 32 24 58 58
0716_0056_0054_0037_0037.jpg 1 56 54 37 37
0717_0022_0018_0068_0068.jpg 1 22 18 68 68
0718_0008_0030_0032_0032.jpg 1 8 30 32 32
0719_0013_0018_0062_0062.jpg 1 13 18 62 62
0720_0025_0033_0037_0037.jpg 1 25 33 37 37
0721_0040_0032_0052_0052.jpg 1 40 32 52 52
0722_0037_0010_0053_0053.jpg 1 37 10 53 53
0723_0022_0058_0027_0027.jpg 1 22 58 27 27
0724_0052_0057_0029_0029.jpg 1 52 57 29 29
0725_0047_0035_0040_0040.jpg 1 47 35 40 40
0726_0031_0041_0049_0049.jpg 1 31 41 49 49
0727_0043_0024_0037_0037.jpg 1 43 24 37 37
0728_0045_0028_0025_0025.jpg 1 45 28 25 25
0729_0040_0056_0036_0036.jpg 1 40 56 36 36
0730_0044_0014_0026_0026.jpg 1 44 14 26 26
0731_0010_0012_0069_0069.jpg 1 10 12 69 69
0732_0045_0030_0037_0037.jpg 1 45 30 37 37
0733_0062_0033_0030_0030.jpg 1 62 33 30 30
0734_0045_0010_0026_0026.jpg 1 45 10 26 26
0735_0027_0024_0066_0066.jpg 1 27 24 66 66
0736_0057_0038_0036_0036.jpg 1 57 38 36 36
0737_0027_0029_0036_0036.jpg 1 27 29 36 36
0738_0017_0013_0028_0028.jpg 1 17 13 28 28
0739_0027_0042_0051_0051.jpg 1 27 42 51 51
0740_0060_0013_0029_0029.jpg 1 60 13 29 29
0741_0061_0027_0032_0032.jpg 1 61 27 32 32
0742_0023_0021_0047_0047.jpg 1 23 21 47 47
0743_0035_0029_0043_0043.jpg 1 35 29 43 43
0744_0038_0009_0054_0054.jpg 1 38 9 54 54
0745_0022_0056_0026_0026.jpg 1 22 56 26 26
0746_0014_0030_0061_0061.jpg 1 14 30 61 61
0747_0049_0038_0044_0044.jpg 1 49 38 44 44
0748_0027_0032_0055_0055.jpg 1 27 32 55 55
0749_0034_0008_0054_0054.jpg 1 34 8 54 54
0750_0041_0044_0049_0049.jpg 1 41 44 49 49
0751_0024_0054_0034_0034.jpg 1 24 54 34 34
0752_0031_0035_0036_0036.jpg 1 31 35 36 36
0753_0017_0032_0056_0056.jpg 1 17 32 56 56
0754_0025_0016_0055_0055.jpg 1 25 16 55 55
0755_0007_0023_0054_0054.jpg 1 7 23 54 54
0756_0020_0023_0066_0066.jpg 1 20 23 66 66
0757_0028_0040_0038_0038.jpg 1 28 40 38 38
0758_0008_0023_0039_0039.jpg 1 8 23 39 39
0759_0021_0007_0062_0062.jpg 1 21 7 62 62
0760_0029_0024_0063_0063.jpg 1 29 24 63 63
0761_0015_0014_0046_0046.jpg 1 15 14 46 46
0762_0030_0053_0033_0033.jpg 1 30 53 33 33
0763_0008_0047_0027_0027.jpg 1 8 47 27 27
0764_0031_0044_0044_0044.jpg 1 31 44 44 44
0765_0006_0051_0043_0043.jpg 1 6 51 43 43
0766_0007_0010_0061_0061.jpg 1 7 10 61 61
0767_0048_0033_0031_0031.jpg 1 48 33 31 31
0768_0006_0014_0061_0061.jpg 1 6 14 61 61
0769_0024_0015_0067_0067.jpg 1 24 15 67 67
0770_0021_0017_0051_0051.jpg 1 21 17 51 51
0771_0011_0005_0066_0066.jpg 1 11 5 66 66
0772_0035_0017_0046_0046.jpg 1 35 17 46 46
0773_0015_0019_0064_0064.jpg 1 15 19 64 64
0774_0043_0029_0041_0041.jpg 1 43 29 41 41
0775_0015_0031_0056_0056.jpg 1 15 31 56 56
0776_0022_0005_0058_0058.jpg 1 22 5 58 58
0777_0029_0007_0065_0065.jpg 1 29 7 65 65
0778_0009_0011_0064_0064.jpg 1 9 11 64 64
0779_0053_0031_0037_0037.jpg 1 53 31 37 37
0780_0010_0039_0051_0051.jpg 1 10 39 51 51
0781_0015_0024_0028_0028.jpg 1 15 24 28 28
0782_0009_0009_0045_0045.jpg 1 9 9 45 45
0783_0045_0059_0032_0032.jpg 1 45 59 32 32
0784_0035_0053_0031_0031.jpg 1 35 53 31 31
0785_0047_0029_0034_0034.jpg 1 47 29 34 34
0786_0023_0030_0034_0034.jpg 1 23 30 34 34
0787_0026_0044_0047_0047.jpg 1 26 44 47 47
0788_0019_0040_0052_0052.jpg 1 19 40 52 52
0789_0017_0048_0036_0036.jpg 1 17 48 36 36
0790_0013_0028_0067_0067.jpg 1 13 28 67 67
0791_0053_0051_0024_0024.jpg 1 53 51 24 24
0792_0023_0042_0044_0044.jpg 1 23 42 44 44
0793_0039_0024_0031_0031.jpg 1 39 24 31 31
0794_0006_0018_0049_0049.jpg 1 6 18 49 49
0795_0042_0049_0042_0042.jpg 1 42 49 42 42
0796_0032_0043_0041_0041.jpg 1 32 43 41 41
0797_0026_0010_0031_0031.jpg 1 26 10 31 31
0798_0046_0020_0035_0035.jpg 1 46 20 35 35
0799_0005_0013_0068_0068.jpg 1 5 13 68 68
0800_0022_0040_0046_0046.jpg 1 22 40 46 46
0801_0007_0027_0062_0062.jpg 1 7 27 62 62
0802_0035_0026_0035_0035.jpg 1 35 26 35 35
0803_0026_0028_0038_0038.jpg 1 26 28 38 38
0804_0024_0043_0049_0049.jpg 1 24 43 49 49
0805_0022_0019_0036_0036.jpg 1 22 19 36 36
0806_0027_0055_0030_0030.jpg 1 27 55 30 30
0807_0044_0059_0025_0025.jpg 1 44 59 25 25
0808_0017_0037_0049_0049.jpg 1 17 37 49 49
0809_0027_0020_0068_0068.jpg 1 27 20 68 68
0810_0033_0025_0060_0060.jpg 1 33 25 60 60
0811_0027_0018_0062_0062.jpg 1 27 18 62 62
0812_0041_0027_0030_0030.jpg 1 41 27 30 30
0813_0026_0020_0050_0050.jpg 1 26 20 50 50
0814_0012_0056_0036_0036.jpg 1 12 56 36 36
0815_0034_0029_0039_0039.jpg 1 34 29 39 39
0816_0008_0017_0044_0044.jpg 1 8 17 44 44
0817_0045_0048_0039_0039.jpg 1 45 48 39 39
0818_0030_0038_0026_0026.jpg 1 30 38 26 26
0819_0044_0029_0035_0035.jpg 1 44 29 35 35
0820_0013_0045_0032_0032.jpg 1 13 45 32 32
0821_0007_0009_0055_0055.jpg 1 7 9 55 55
0822_0012_0021_0061_0061.jpg 1 12 21 61 61
0823_0026_0045_0040_0040.jpg 1 26 45 40 40
0824_0038_0021_0034_0034.jpg 1 38 21 34 34
0825_0009_0034_0041_0041.jpg 1 9 34 41 41
0826_0008_0007_0034_0034.jpg 1 8 7 34 34
0827_0014_0009_0063_0063.jpg 1 14 9 63 63
0828_0013_0017_0065_0065.jpg 1 13 17 65 65
0829_0033_0037_0036_0036.jpg 1 33 37 36 36
0830_0019_0013_0069_0069.jpg 1 19 13 69 69
0831_0017_0019_0064_0064.jpg 1 17 19 64 64
0832_0030_0024_0043_0043.jpg 1 30 24 43 43
0833_0043_0022_0047_0047.jpg 1 43 22 47 47
0834_0017_0016_0047_0047.jpg 1 17 16 47 47
0835_0050_0033_0042_0042.jpg 1 50 33 42 42
0836_0009_0022_0040_0040.jpg 1 9 22 40 40
0837_0025_0053_0035_0035.jpg 1 25 53 35 35
0838_0033_0010_0062_0062.jpg 1 33 10 62 62
0839_0013_0013_0067_0067.jpg 1 13 13 67 67
0840_0030_0015_0057_0057.jpg 1 30 15 57 57
0841_0061_0022_0024_0024.jpg 1 61 22 24 24
0842_0011_0035_0026_0026.jpg 1 11 35 26 26
0843_0036_0026_0057_0057.jpg 1 36 26 57 57
0844_0009_0016_0069_0069.jpg 1 9 16 69 69
0845_0031_0019_0050_0050.jpg 1 31 19 50 50
0846_0041_0021_0042_0042.jpg 1 41 21 42 42
0847_0005_0010_0067_0067.jpg 1 5 10 67 67
0848_0030_0014_0033_0033.jpg 1 30 14 33 33
0849_0011_0020_0067_0067.jpg 1 11 20 67 67
0850_0029_0027_0039_0039.jpg 1 29 27 39 39
0851_0012_0033_0056_0056.jpg 1 12 33 56 56
0852_0017_0041_0051_0051.jpg 1 17 41 51 51
0853_0038_0009_0038_0038.jpg 1 38 9 38 38
0854_0037_0039_0042_0042.jpg 1 37 39 42 42
0855_0024_0044_0047_0047.jpg 1 24 44 47 47
0856_0012_0012_0027_0027.jpg 1 12 12 27 27
0857_0007_0051_0033_0033.jpg 1 7 51 33 33
0858_0050_0040_0040_0040.jpg 1 50 40 40 40
0859_0036_0017_0053_0053.jpg 1 36 17 53 53
0860_0011_0008_0067_0067.jpg 1 11 8 67 67
0861_0036_0039_0056_0056.jpg 1 36 39 56 56
0862_0016_0028_0043_0043.jpg 1 16 28 43 43
0863_0059_0025_0031_0031.jpg 1 59 25 31 31
0864_0014_0029_0056_0056.jpg 1 14 29 56 56
0865_0011_0031_0065_0065.jpg 1 11 31 65 65
0866_0009_0018_0045_0045.jpg 1 9 18 45 45
0867_0008_0023_0062_0062.jpg 1 8 23 62 62
0868_0065_0012_0025_0025.jpg 1 65 12 25 25
0869_0009_0019_0058_0058.jpg 1 9 19 58 58
0870_0016_0006_0060_0060.jpg 1 16 6 60 60
0871_0017_0027_0065_0065.jpg 1 17 27 65 65
0872_0066_0045_0024_0024.jpg 1 66 45 24 24
0873_0036_0043_0039_0039.jpg 1 36 43 39 39
0874_0018_0007_0063_0063.jpg 1 18 7 63 63
0875_0043_0056_0037_0037.jpg 1 43 56 37 37
0876_0017_0017_0069_0069.jpg 1 17 17 69 69
0877_0027_0028_0048_0048.jpg 1 27 28 48 48
0878_0025_0029_0067_0067.jpg 1 25 29 67 67
0879_0021_0030_0058_0058.jpg 1 21 30 58 58
0880_0023_0033_0047_0047.jpg 1 23 33 47 47
0881_0013_0035_0024_0024.jpg 1 13 35 24 24
0882_0020_0021_0062_0062.jpg 1 20 21 62 62
0883_0009_0025_0055_0055.jpg 1 9 25 55 55
0884_0047_0010_0028_0028.jpg 1 47 10 28 28
0885_0012_0022_0059_0059.jpg 1 12 22 59 59
0886_0004_0014_0064_0064.jpg 1 4 14 64 64
0887_0013_0019_0064_0064.jpg 1 13 19 64 64
0888_0044_0009_0045_0045.jpg 1 44 9 45 45
0889_0030_0011_0042_0042.jpg 1 30 11 42 42
0890_0018_0049_0041_0041.jpg 1 18 49 41 41
0891_0042_0022_0034_0034.jpg 1 42 22 34 34
0892_0015_0026_0031_0031.jpg 1 15 26 31 31
0893_0035_0035_0030_0030.jpg 1 35 35 30 30
0894_0020_0018_0043_0043.jpg 1 20 18 43 43
0895_0023_0054_0035_0035.jpg 1 23 54 35 35
0896_0056_0025_0027_0027.jpg 1 56 25 27 27
0897_0031_0010_0031_0031.jpg 1 31 10 31 31
0898_0023_0016_0067_0067.jpg 1 23 16 67 67
0899_0038_0010_0039_0039.jpg 1 38 10 39 39
0900_0029_0024_0063_0063.jpg 1 29 24 63 63
0901_0019_0004_0069_0069.jpg 1 19 4 69 69
0902_0041_0035_0028_0028.jpg 1 41 35 28 28
0903_0056_0023_0024_0024.jpg 1 56 23 24 24
0904_0051_0028_0034_0034.jpg 1 51 28 34 34
0905_0040_0023_0039_0039.jpg 1 40 23 39 39
0906_0033_0034_0059_0059.jpg 1 33 34 59 59
0907_0019_0047_0040_0040.jpg 1 19 47 40 40
0908_0010_0012_0060_0060.jpg 1 10 12 60 60
0909_0046_0042_0031_0031.jpg 1 46 42 31 31
0910_0050_0010_0043_0043.jpg 1 50 10 43 43
0911_0049_0019_0040_0040.jpg 1 49 19 40 40
0912_0016_0037_0052_0052.jpg 1 16 37 52 52
0913_0040_0057_0030_0030.jpg 1 40 57 30 30
0914_0037_0017_0038_0038.jpg 1 37 17 38 38
0915_0028_0035_0045_0045.jpg 1 28 35 45 45
0916_0024_0012_0063_0063.jpg 1 24 12 63 63
0917_0054_0054_0026_0026.jpg 1 54 54 26 26
0918_0007_0005_0046_0046.jpg 1 7 5 46 46
0919_0059_0025_0024_0024.jpg 1 59 25 24 24
0920_0009_0005_0056_0056.jpg 1 9 5 56 56
0921_0005_0041_0042_0042.jpg 1 5 41 42 42
0922_0005_0006_0054_0054.jpg 1 5 6 54 54
0923_0026_0011_0069_0069.jpg 1 26 11 69 69
0924_0027_0041_0043_0043.jpg 1 27 41 43 43
0925_0046_0027_0047_0047.jpg 1 46 27 47 47
0926_0028_0059_0029_0029.jpg 1 28 59 29 29
0927_0028_0035_0049_0049.jpg 1 28 35 49 49
0928_0030_0027_0039_0039.jpg 1 30 27 39 39
0929_0014_0018_0047_0047.jpg 1 14 18 47 47
0930_0032_0023_0032_0032.jpg 1 32 23 32 32
0931_0012_0015_0060_0060.jpg 1 12 15 60 60
0932_0047_0046_0028_0028.jpg 1 47 46 28 28
0933_0010_0032_0043_0043.jpg 1 10 32 43 43
0934_0049_0049_0035_0035.jpg 1 49 49 35 35
0935_0013_0027_0058_0058.jpg 1 13 27 58 58
0936_0020_0020_0069_0069.jpg 1 20 20 69 69
0937_0014_0038_0047_0047.jpg 1 14 38 47 47
0938_0018_0024_0049_0049.jpg 1 18 24 49 49
0939_0014_0052_0037_0037.jpg 1 14 52 37 37
0940_0019_0022_0046_0046.jpg 1 19 22 46 46
0941_0016_0023_0032_0032.jpg 1 16 23 32 32
0942_0006_0022_0064_0064.jpg 1 6 22 64 64
0943_0040_0037_0055_0055.jpg 1 40 37 55 55
0944_0030_0019_0049_0049.jpg 1 30 19 49 49
0945_0014_0028_0066_0066.jpg 1 14 28 66 66
0946_0012_0014_0053_0053.jpg 1 12 14 53 53
0947_0015_0034_0052_0052.jpg 1 15 34 52 52
0948_0010_0063_0025_0025.jpg 1 10 63 25 25
0949_0007_0010_0068_0068.jpg 1 7 10 68 68
0950_0030_0056_0030_0030.jpg 1 30 56 30 30
0951_0052_0022_0024_0024.jpg 1 52 22 24 24
0952_0022_0013_0046_0046.jpg 1 22 13 46 46
0953_0040_0017_0027_0027.jpg 1 40 17 27 27
0954_0048_0055_0024_0024.jpg 1 48 55 24 24
0955_0026_0019_0027_0027.jpg 1 26 19 27 27
0956_0007_0044_0027_0027.jpg 1 7 44 27 27
0957_0022_0009_0068_0068.jpg 1 22 9 68 68
0958_0021_0013_0064_0064.jpg 1 21 13 64 64
0959_0025_0010_0062_0062.jpg 1 25 10 62 62
0960_0010_0014_0060_0060.jpg 1 10 14 60 60
0961_0013_0029_0034_0034.jpg 1 13 29 34 34
0962_0013_0050_0041_0041.jpg 1 13 50 41 41
0963_0049_0015_0037_0037.jpg 1 49 15 37 37
0964_0020_0031_0044_0044.jpg 1 20 31 44 44
0965_0027_0025_0043_0043.jpg 1 27 25 43 43
0966_0064_0049_0025_0025.jpg 1 64 49 25 25
0967_0029_0033_0043_0043.jpg 1 29 33 43 43
0968_0016_0033_0050_0050.jpg 1 16 33 50 50
0969_0036_0054_0026_0026.jpg 1 36 54 26 26
0970_0054_0051_0024_0024.jpg 1 54 51 24 24
0971_0031_0040_0029_0029.jpg 1 31 40 29 29
0972_0030_0012_0039_0039.jpg 1 30 12 39 39
0973_0040_0027_0041_0041.jpg 1 40 27 41 41
0974_0027_0025_0064_0064.jpg 1 27 25 64 64
0975_0018_0030_0040_0040.jpg 1 18 30 40 40
0976_0046_0041_0041_0041.jpg 1 46 41 41 41
0977_0009_0035_0048_0048.jpg 1 9 35 48 48
0978_0008_0026_0051_0051.jpg 1 8 26 51 51
0979_0026_0009_0063_0063.jpg 1 26 9 63 63
0980_0029_0027_0037_0037.jpg 1 29 27 37 37
0981_0016_0013_0052_0052.jpg 1 16 13 52 52
0982_0012_0016_0060_0060.jpg 1 12 16 60 60
0983_0015_0021_0051_0051.jpg 1 15 21 51 51
0984_0027_0020_0041_0041.jpg 1 27 20 41 41
0985_0021_0018_0069_0069.jpg 1 21 18 69 69
0986_0028_0012_0064_0064.jpg 1 28 12 64 64
0987_0012_0051_0028_0028.jpg 1 12 51 28 28
0988_0017_0029_0064_0064.jpg 1 17 29 64 64
0989_0009_0018_0061_0061.jpg 1 9 18 61 61
0990_0026_0025_0069_0069.jpg 1 26 25 69 69
0991_0009_0039_0035_0035.jpg 1 9 39 35 35
0992_0032_0056_0025_0025.jpg 1 32 56 25 25
0993_0036_0033_0058_0058.jpg 1 36 33 58 58
0994_0055_0046_0031_0031.jpg 1 55 46 31 31
0995_0034_0026_0036_0036.jpg 1 34 26 36 36
0996_0036_0012_0047_0047.jpg 1 36 12 47 47
0997_0027_0066_0025_0025.jpg 1 27 66 25 25
0998_0004_0010_0059_0059.jpg 1 4 10 59 59
0999_0019_0053_0039_0039.jpg 1 19 53 39 39
1000_0041_0015_0036_0036.jpg 1 41 15 36 36
1001_0031_0031_0026_0026.jpg 1 31 31 26 26
1002_0026_0028_0053_0053.jpg 1 26 28 53 53
1003_0015_0035_0052_0052.jpg 1 15 35 52 52
1004_0027_0032_0042_0042.jpg 1 27 32 42 42
1005_0035_0015_0058_0058.jpg 1 35 15 58 58
1006_0037_0017_0048_0048.jpg 1 37 17 48 48
1007_0049_0007_0042_0042.jpg 1 49 7 42 42
1008_0030_0034_0058_0058.jpg 1 30 34 58 58
1009_0039_0011_0045_0045.jpg 1 39 11 45 45
1010_0026_0020_0062_0062.jpg 1 26 20 62 62
1011_0063_0055_0028_0028.jpg 1 63 55 28 28
1012_0035_0019_0054_0054.jpg 1 35 19 54 54
1013_0041_0046_0046_0046.jpg 1 41 46 46 46
1014_0003_0020_0066_0066.jpg 1 3 20 66 66
1015_0027_0046_0047_0047.jpg 1 27 46 47 47
1016_0016_0037_0041_0041.jpg 1 16 37 41 41
1017_0031_0028_0062_0062.jpg 1 31 28 62 62
1018_0021_0008_0049_0049.jpg 1 21 8 49 49
1019_0025_0009_0034_0034.jpg 1 25 9 34 34
1020_0008_0014_0036_0036.jpg 1 8 14 36 36
1021_0028_0017_0048_0048.jpg 1 28 17 48 48
1022_0054_0036_0032_0032.jpg 1 54 36 32 32
1023_0031_0023_0055_0055.jpg 1 31 23 55 55
1024_0025_0011_0066_0066.jpg 1 25 11 66 66
1025_0017_0015_0063_0063.jpg 1 17 15 63 63
1026_0039_0033_0043_0043.jpg 1 39 33 43 43
1027_0036_0020_0057_0057.jpg 1 36 20 57 57
1028_0014_0017_0065_0065.jpg 1 14 17 65 65
1029_0008_0032_0056_0056.jpg 1 8 32 56 56
1030_0013_0043_0024_0024.jpg 1 13 43 24 24
1031_0032_0030_0033_0033.jpg 1 32 30 33 33
1032_0008_0007_0067_0067.jpg 1 8 7 67 67
1033_0045_0010_0047_0047.jpg 1 45 10 47 47
1034_0040_0047_0044_0044.jpg 1 40 47 44 44
1035_0013_0018_0061_0061.jpg 1 13 18 61 61
1036_0022_0026_0062_0062.jpg 1 22 26 62 62
1037_0022_0044_0044_0044.jpg 1 22 44 44 44
1038_0040_0023_0055_0055.jpg 1 40 23 55 55
1039_0013_0035_0043_0043.jpg 1 13 35 43 43
1040_0040_0033_0042_0042.jpg 1 40 33 42 42
1041_0016_0025_0062_0062.jpg 1 16 25 62 62
1042_0034_0048_0041_0041.jpg 1 34 48 41 41
1043_0032_0029_0049_0049.jpg 1 32 29 49 49
1044_0049_0052_0031_0031.jpg 1 49 52 31 31
1045_0029_0022_0059_0059.jpg 1 29 22 59 59
1046_0007_0024_0061_0061.jpg 1 7 24 61 61
1047_0006_0026_0041_0041.jpg 1 6 26 41 41
1048_0059_0047_0028_0028.jpg 1 59 47 28 28
1049_0041_0023_0053_0053.jpg 1 41 23 53 53
1050_0025_0017_0054_0054.jpg 1 25 17 54 54
1051_0009_0046_0040_0040.jpg 1 9 46 40 40
1052_0019_0010_0031_0031.jpg 1 19 10 31 31
1053_0023_0016_0055_0055.jpg 1 23 16 55 55
1054_0011_0013_0033_0033.jpg 1 11 13 33 33
1055_0029_0008_0039_0039.jpg 1 29 8 39 39
1056_0016_0030_0032_0032.jpg 1 16 30 32 32
1057_0019_0024_0038_0038.jpg 1 19 24 38 38
1058_0033_0022_0058_0058.jpg 1 33 22 58 58
1059_0051_0055_0031_0031.jpg 1 51 55 31 31
1060_0020_0028_0067_0067.jpg 1 20 28 67 67
1061_0066_0025_0024_0024.jpg 1 66 25 24 24
1062_0011_0019_0052_0052.jpg 1 11 19 52 52
1063_0062_0030_0028_0028.jpg 1 62 30 28 28
1064_0010_0034_0059_0059.jpg 1 10 34 59 59
1065_0021_0026_0067_0067.jpg 1 21 26 67 67
1066_0029_0017_0043_0043.jpg 1 29 17 43 43
1067_0048_0029_0039_0039.jpg 1 48 29 39 39
1068_0017_0017_0069_0069.jpg 1 17 17 69 69
1069_0047_0044_0033_0033.jpg 1 47 44 33 33
1070_0026_0006_0062_0062.jpg 1 26 6 62 62
1071_0008_0027_0065_0065.jpg 1 8 27 65 65
1072_0030_0006_0042_0042.jpg 1 30 6 42 42
1073_0020_0017_0063_0063.jpg 1 20 17 63 63
1074_0010_0022_0050_0050.jpg 1 10 22 50 50
1075_0040_0063_0024_0024.jpg 1 40 63 24 24
1076_0039_0010_0042_0042.jpg 1 39 10 42 42
1077_0012_0029_0062_0062.jpg 1 12 29 62 62
1078_0028_0014_0065_0065.jpg 1 28 14 65 65
1079_0016_0036_0038_0038.jpg 1 16 36 38 38
1080_0032_0042_0046_0046.jpg 1 32 42 46 46
1081_0020_0038_0027_0027.jpg 1 20 38 27 27
1082_0035_0005_0055_0055.jpg 1 35 5 55 55
1083_0039_0043_0027_0027.jpg 1 39 43 27 27
1084_0048_0025_0032_0032.jpg 1 48 25 32 32
1085_0032_0039_0028_0028.jpg 1 32 39 28 28
1086_0033_0023_0024_0024.jpg 1 33 23 24 24
1087_0061_0033_0028_0028.jpg 1 61 33 28 28
1088_0039_0018_0042_0042.jpg 1 39 18 42 42
1089_0012_0015_0024_0024.jpg 1 12 15 24 24
1090_0027_0032_0057_0057.jpg 1 27 32 57 57
1091_0022_0040_0045_0045.jpg 1 22 40 45 45
1092_0047_0008_0038_0038.jpg 1 47 8 38 38
1093_0053_0048_0024_0024.jpg 1 53 48 24 24
1094_0024_0033_0049_0049.jpg 1 24 33 49 49
1095_0056_0026_0030_0030.jpg 1 56 26 30 30
1096_0033_0036_0049_0049.jpg 1 33 36 49 49
1097_0013_0008_0053_0053.jpg 1 13 8 53 53
1098_0012_0054_0028_0028.jpg 1 12 54 28 28
1099_0013_0031_0054_0054.jpg 1 13 31 54 54
1100_0052_0039_0041_0041.jpg 1 52 39 41 41
1101_0026_0033_0052_0052.jpg 1 26 33 52 52
1102_0044_0045_0044_0044.jpg 1 44 45 44 44
1103_0020_0041_0029_0029.jpg 1 20 41 29 29
1104_0017_0029_0049_0049.jpg 1 17 29 49 49
1105_0013_0025_0052_0052.jpg 1 13 25 52 52
1106_0017_0004_0069_0069.jpg 1 17 4 69 69
1107_0018_0032_0047_0047.jpg 1 18 32 47 47
1108_0049_0024_0042_0042.jpg 1 49 24 42 42
1109_0051_0049_0025_0025.jpg 1 51 49 25 25
1110_0016_0008_0068_0068.jpg 1 16 8 68 68
1111_0012_0060_0029_0029.jpg 1 12 60 29 29
1112_0019_0039_0049_0049.jpg 1 19 39 49 49
1113_0013_0050_0034_0034.jpg 1 13 50 34 34
1114_0034_0023_0050_0050.jpg 1 34 23 50 50
1115_0021_0054_0036_0036.jpg 1 21 54 36 36
1116_0012_0008_0040_0040.jpg 1 12 8 40 40
1117_0004_0025_0059_0059.jpg 1 4 25 59 59
1118_0010_0007_0048_0048.jpg 1 10 7 48 48
1119_0019_0010_0068_0068.jpg 1 19 10 68 68
1120_0018_0025_0063_0063.jpg 1 18 25 63 63
1121_0008_0007_0034_0034.jpg 1 8 7 34 34
1122_0019_0022_0064_0064.jpg 1 19 22 64 64
1123_0023_0013_0060_0060.jpg 1 23 13 60 60
1124_0016_0023_0035_0035.jpg 1 16 23 35 35
1125_0049_0034_0034_0034.jpg 1 49 34 34 34
1126_0013_0024_0056_0056.jpg 1 13 24 56 56
1127_0024_0037_0029_0029.jpg 1 24 37 29 29
1128_0015_0005_0060_0060.jpg 1 15 5 60 60
1129_0017_0022_0040_0040.jpg 1 17 22 40 40
1130_0015_0021_0068_0068.jpg 1 15 21 68 68
1131_0016_0017_0040_0040.jpg 1 16 17 40 40
1132_0031_0044_0036_0036.jpg 1 31 44 36 36
1133_0011_0046_0042_0042.jpg 1 11 46 42 42
1134_0013_0003_0068_0068.jpg 1 13 3 68 68
1135_0033_0004_0063_0063.jpg 1 33 4 63 63
1136_0039_0056_0032_0032.jpg 1 39 56 32 32
1137_0053_0021_0040_0040.jpg 1 53 21 40 40
1138_0005_0029_0049_0049.jpg 1 5 29 49 49
1139_0028_0022_0053_0053.jpg 1 28 22 53 53
1140_0038_0066_0024_0024.jpg 1 38 66 24 24
1141_0028_0038_0052_0052.jpg 1 28 38 52 52
1142_0029_0025_0058_0058.jpg 1 29 25 58 58
1143_0041_0042_0029_0029.jpg 1 41 42 29 29
1144_0008_0044_0046_0046.jpg 1 8 44 46 46
1145_0036_0036_0025_0025.jpg 1 36 36 25 25
1146_0054_0038_0029_0029.jpg 1 54 38 29 29
1147_0018_0022_0062_0062.jpg 1 18 22 62 62
1148_0028_0032_0055_0055.jpg 1 28 32 55 55
1149_0034_0018_0052_0052.jpg 1 34 18 52 52
1150_0008_0019_0029_0029.jpg 1 8 19 29 29
1151_0015_0055_0025_0025.jpg 1 15 55 25 25
1152_0035_0039_0039_0039.jpg 1 35 39 39 39
1153_0010_0025_0032_0032.jpg 1 10 25 32 32
1154_0041_0010_0035_0035.jpg 1 41 10 35 35
1155_0025_0013_0068_0068.jpg 1 25 13 68 68
1156_0008_0051_0037_0037.jpg 1 8 51 37 37
1157_0006_0012_0067_0067.jpg 1 6 12 67 67
1158_0046_0009_0046_0046.jpg 1 46 9 46 46
1159_0030_0008_0054_0054.jpg 1 30 8 54 54
1160_0020_0029_0044_0044.jpg 1 20 29 44 44
1161_0044_0014_0037_0037.jpg 1 44 14 37 37
1162_0050_0044_0040_0040.jpg 1 50 44 40 40
1163_0012_0034_0046_0046.jpg 1 12 34 46 46
1164_0019_0005_0066_0066.jpg 1 19 5 66 66
1165_0010_0018_0061_0061.jpg 1 10 18 61 61
1166_0013_0029_0053_0053.jpg 1 13 29 53 53
1167_0037_0014_0044_0044.jpg 1 37 14 44 44
1168_0054_0057_0033_0033.jpg 1 54 57 33 33
1169_0025_0040_0044_0044.jpg 1 25 40 44 44
1170_0038_0009_0052_0052.jpg 1 38 9 52 52
1171_0034_0009_0051_0051.jpg 1 34 9 51 51
1172_0011_0024_0041_0041.jpg 1 11 24 41 41
1173_0024_0021_0027_0027.jpg 1 24 21 27 27
1174_0016_0004_0066_0066.jpg 1 16 4 66 66
1175_0046_0062_0029_0029.jpg 1 46 62 29 29
1176_0032_0027_0063_0063.jpg 1 32 27 63 63
1177_0038_0042_0048_0048.jpg 1 38 42 48 48
1178_0044_0024_0032_0032.jpg 1 44 24 32 32
1179_0042_0030_0040_0040.jpg 1 42 30 40 40
1180_0037_0017_0033_0033.jpg 1 37 17 33 33
1181_0031_0005_0059_0059.jpg 1 31 5 59 59
1182_0024_0024_0046_0046.jpg 1 24 24 46 46
1183_0005_0036_0058_0058.jpg 1 5 36 58 58
1184_0034_0037_0040_0040.jpg 1 34 37 40 40
1185_0008_0014_0068_0068.jpg 1 8 14 68 68
1186_0012_0009_0069_0069.jpg 1 12 9 69 69
1187_0050_0033_0030_0030.jpg 1 50 33 30 30
1188_0059_0050_0029_0029.jpg 1 59 50 29 29
1189_0018_0007_0027_0027.jpg 1 18 7 27 27
1190_0024_0022_0056_0056.jpg 1 24 22 56 56
1191_0014_0047_0036_0036.jpg 1 14 47 36 36
1192_0031_0018_0061_0061.jpg 1 31 18 61 61
1193_0026_0010_0063_0063.jpg 1 26 10 63 63
1194_0039_0046_0030_0030.jpg 1 39 46 30 30
1195_0012_0021_0068_0068.jpg 1 12 21 68 68
1196_0043_0018_0027_0027.jpg 1 43 18 27 27
1197_0010_0032_0061_0061.jpg 1 10 32 61 61
1198_0016_0027_0061_0061.jpg 1 16 27 61 61
1199_0011_0033_0054_0054.jpg 1 11 33 54 54
1200_0022_0016_0067_0067.jpg 1 22 16 67 67
1201_0011_0013_0058_0058.jpg 1 11 13 58 58
1202_0013_0044_0035_0035.jpg 1 13 44 35 35
1203_0049_0009_0029_0029.jpg 1 49 9 29 29
1204_0003_0008_0069_0069.jpg 1 3 8 69 69
1205_0014_0027_0064_0064.jpg 1 14 27 64 64
1206_0038_0027_0046_0046.jpg 1 38 27 46 46
1207_0033_0034_0057_0057.jpg 1 33 34 57 57
1208_0039_0054_0039_0039.jpg 1 39 54 39 39
1209_0032_0013_0058_0058.jpg 1 32 13 58 58
1210_0036_0062_0027_0027.jpg 1 36 62 27 27
1211_0010_0021_0069_0069.jpg 1 10 21 69 69
1212_0061_0056_0025_0025.jpg 1 61 56 25 25
1213_0014_0008_0062_0062.jpg 1 14 8 62 62
1214_0030_0011_0050_0050.jpg 1 30 11 50 50
1215_0013_0033_0061_0061.jpg 1 13 33 61 61
1216_0026_0021_0024_0024.jpg 1 26 21 24 24
1217_0058_0055_0029_0029.jpg 1 58 55 29 29
1218_0012_0021_0064_0064.jpg 1 12 21 64 64
1219_0050_0040_0036_0036.jpg 1 50 40 36 36
1220_0019_0024_0067_0067.jpg 1 19 24 67 67
1221_0022_0046_0035_0035.jpg 1 22 46 35 35
1222_0029_0055_0033_0033.jpg 1 29 55 33 33
1223_0006_0034_0040_0040.jpg 1 6 34 40 40
1224_0010_0020_0038_0038.jpg 1 10 20 38 38
1225_0039_0024_0024_0024.jpg 1 39 24 24 24
1226_0009_0023_0030_0030.jpg 1 9 23 30 30
1227_0034_0008_0060_0060.jpg 1 34 8 60 60
1228_0033_0007_0060_0060.jpg 1 33 7 60 60
1229_0010_0023_0034_0034.jpg 1 10 23 34 34
1230_0022_0004_0059_0059.jpg 1 22 4 59 59
1231_0022_0017_0056_0056.jpg 1 22 17 56 56
1232_0014_0030_0037_0037.jpg 1 14 30 37 37
1233_0044_0048_0028_0028.jpg 1 44 48 28 28
1234_0034_0013_0042_0042.jpg 1 34 13 42 42
1235_0053_0044_0034_0034.jpg 1 53 44 34 34
1236_0005_0026_0066_0066.jpg 1 5 26 66 66
1237_0045_0057_0035_0035.jpg 1 45 57 35 35
1238_0038_0016_0027_0027.jpg 1 38 16 27 27
1239_0018_0026_0058_0058.jpg 1 18 26 58 58
1240_0047_0016_0043_0043.jpg 1 47 16 43 43
1241_0035_0011_0060_0060.jpg 1 35 11 60 60
1242_0039_0010_0051_0051.jpg 1 39 10 51 51
1243_0030_0058_0031_0031.jpg 1 30 58 31 31
1244_0031_0021_0058_0058.jpg 1 31 21 58 58
1245_0007_0025_0046_0046.jpg 1 7 25 46 46
1246_0038_0044_0030_0030.jpg 1 38 44 30 30
1247_0011_0039_0044_0044.jpg 1 11 39 44 44
1248_0005_0015_0059_0059.jpg 1 5 15 59 59
1249_0034_0012_0062_0062.jpg 1 34 12 62 62
1250_0004_0019_0062_0062.jpg 1 4 19 62 62
1251_0013_0007_0068_0068.jpg 1 13 7 68 68
1252_0048_0019_0027_0027.jpg 1 48 19 27 27
1253_0029_0054_0031_0031.jpg 1 29 54 31 31
1254_0010_0017_0048_0048.jpg 1 10 17 48 48
1255_0009_0026_0043_0043.jpg 1 9 26 43 43
1256_0031_0059_0030_0030.jpg 1 31 59 30 30
1257_0047_0024_0039_0039.jpg 1 47 24 39 39
1258_0042_0030_0042_0042.jpg 1 42 30 42 42
1259_0038_0051_0038_0038.jpg 1 38 51 38 38
1260_0039_0061_0029_0029.jpg 1 39 61 29 29
1261_0022_0018_0068_0068.jpg 1 22 18 68 68
1262_0036_0011_0043_0043.jpg 1 36 11 43 43
1263_0013_0026_0068_0068.jpg 1 13 26 68 68
1264_0011_0021_0065_0065.jpg 1 11 21 65 65
1265_0022_0011_0034_0034.jpg 1 22 11 34 34
1266_0006_0006_0047_0047.jpg 1 6 6 47 47
1267_0008_0045_0046_0046.jpg 1 8 45 46 46
1268_0023_0025_0069_0069.jpg 1 23 25 69 69
1269_0031_0016_0037_0037.jpg 1 31 16 37 37
1270_0019_0032_0042_0042.jpg 1 19 32 42 42
1271_0010_0033_0050_0050.jpg 1 10 33 50 50
1272_0015_0028_0065_0065.jpg 1 15 28 65 65
1273_0033_0043_0048_0048.jpg 1 33 43 48 48
1274_0021_0013_0058_0058.jpg 1 21 13 58 58
1275_0022_0023_0037_0037.jpg 1 22 23 37 37
1276_0045_0013_0045_0045.jpg 1 45 13 45 45
1277_0031_0039_0039_0039.jpg 1 31 39 39 39
1278_0040_0038_0040_0040.jpg 1 40 38 40 40
1279_0044_0042_0039_0039.jpg 1 44 42 39 39
1280_0064_0055_0026_0026.jpg 1 64 55 26 26
1281_0013_0042_0052_0052.jpg 1 13 42 52 52
1282_0018_0032_0033_0033.jpg 1 18 32 33 33
1283_0013_0011_0054_0054.jpg 1 13 11 54 54
1284_0013_0030_0024_0024.jpg 1 13 30 24 24
1285_0023_0007_0058_0058.jpg 1 23 7 58 58
1286_0008_0037_0033_0033.jpg 1 8 37 33 33
1287_0014_0022_0067_0067.jpg 1 14 22 67 67
1288_0025_0019_0065_0065.jpg 1 25 19 65 65
1289_0007_0021_0051_0051.jpg 1 7 21 51 51
1290_0010_0021_0050_0050.jpg 1 10 21 50 50
1291_0022_0011_0059_0059.jpg 1 22 11 59 59
1292_0012_0019_0067_0067.jpg 1 12 19 67 67
1293_0060_0022_0033_0033.jpg 1 60 22 33 33
1294_0042_0049_0026_0026.jpg 1 42 49 26 26
1295_0040_0063_0029_0029.jpg 1 40 63 29 29
1296_0032_0011_0062_0062.jpg 1 32 11 62 62
1297_0057_0044_0033_0033.jpg 1 57 44 33 33
1298_0020_0029_0062_0062.jpg 1 20 29 62 62
1299_0031_0005_0064_0064.jpg 1 31 5 64 64
1300_0007_0033_0059_0059.jpg 1 7 33 59 59
1301_0032_0038_0045_0045.jpg 1 32 38 45 45
1302_0021_0031_0042_0042.jpg 1 21 31 42 42
1303_0010_0054_0037_0037.jpg 1 10 54 37 37
1304_0035_0052_0034_0034.jpg 1 35 52 34 34
1305_0023_0029_0066_0066.jpg 1 23 29 66 66
1306_0014_0013_0060_0060.jpg 1 14 13 60 60
1307_0039_0010_0050_0050.jpg 1 39 10 50 50
1308_0008_0021_0043_0043.jpg 1 8 21 43 43
1309_0007_0018_0061_0061.jpg 1 7 18 61 61
1310_0031_0059_0026_0026.jpg 1 31 59 26 26
1311_0021_0008_0062_0062.jpg 1 21 8 62 62
1312_0027_0035_0056_0056.jpg 1 27 35 56 56
1313_0035_0011_0029_0029.jpg 1 35 11 29 29
1314_0015_0036_0032_0032.jpg 1 15 36 32 32
1315_0027_0022_0062_0062.jpg 1 27 22 62 62
1316_0057_0009_0036_0036.jpg 1 57 9 36 36
1317_0029_0014_0042_0042.jpg 1 29 14 42 42
1318_0035_0033_0053_0053.jpg 1 35 33 53 53
1319_0056_0007_0035_0035.jpg 1 56 7 35 35
1320_0038_0033_0040_0040.jpg 1 38 33 40 40
1321_0040_0030_0050_0050.jpg 1 40 30 50 50
1322_0043_0046_0027_0027.jpg 1 43 46 27 27
1323_0023_0010_0038_0038.jpg 1 23 10 38 38
1324_0020_0030_0055_0055.jpg 1 20 30 55 55
1325_0037_0033_0055_0055.jpg 1 37 33 55 55
1326_0045_0012_0044_0044.jpg 1 45 12 44 44
1327_0024_0022_0047_0047.jpg 1 24 22 47 47
1328_0018_0016_0048_0048.jpg 1 18 16 48 48
1329_0052_0007_0031_0031.jpg 1 52 7 31 31
1330_0027_0026_0037_0037.jpg 1 27 26 37 37
1331_0010_0019_0058_0058.jpg 1 10 19 58 58
1332_0030_0008_0029_0029.jpg 1 30 8 29 29
1333_0034_0014_0050_0050.jpg 1 34 14 50 50
1334_0007_0016_0042_0042.jpg 1 7 16 42 42
1335_0016_0011_0065_0065.jpg 1 16 11 65 65
1336_0031_0007_0035_0035.jpg 1 31 7 35 35
1337_0018_0024_0049_0049.jpg 1 18 24 49 49
1338_0023_0010_0069_0069.jpg 1 23 10 69 69
1339_0023_0016_0065_0065.jpg 1 23 16 65 65
1340_0034_0021_0060_0060.jpg 1 34 21 60 60
1341_0047_0010_0024_0024.jpg 1 47 10 24 24
1342_0014_0027_0063_0063.jpg 1 14 27 63 63
1343_0013_0029_0027_0027.jpg 1 13 29 27 27
1344_0013_0063_0026_0026.jpg 1 13 63 26 26
1345_0033_0012_0035_0035.jpg 1 33 12 35 35
1346_0054_0011_0028_0028.jpg 1 54 11 28 28
1347_0031_0035_0045_0045.jpg 1 31 35 45 45
1348_0062_0036_0030_0030.jpg 1 62 36 30 30
1349_0012_0016_0030_0030.jpg 1 12 16 30 30
1350_0038_0025_0028_0028.jpg 1 38 25 28 28
1351_0019_0030_0059_0059.jpg 1 19 30 59 59
1352_0027_0028_0059_0059.jpg 1 27 28 59 59
1353_0021_0030_0066_0066.jpg 1 21 30 66 66
1354_0023_0021_0058_0058.jpg 1 23 21 58 58
1355_0034_0043_0024_0024.jpg 1 34 43 24 24
1356_0016_0009_0058_0058.jpg 1 16 9 58 58
1357_0015_0013_0060_0060.jpg 1 15 13 60 60
1358_0043_0039_0027_0027.jpg 1 43 39 27 27
1359_0011_0042_0028_0028.jpg 1 11 42 28 28
1360_0022_0012_0057_0057.jpg 1 22 12 57 57
1361_0030_0014_0029_0029.jpg 1 30 14 29 29
1362_0038_0006_0055_0055.jpg 1 38 6 55 55
1363_0027_0047_0037_0037.jpg 1 27 47 37 37
1364_0033_0030_0060_0060.jpg 1 33 30 60 60
1365_0011_0034_0044_0044.jpg 1 11 34 44 44
1366_0041_0022_0047_0047.jpg 1 41 22 47 47
1367_0029_0039_0039_0039.jpg 1 29 39 39 39
1368_0048_0049_0036_0036.jpg 1 48 49 36 36
1369_0010_0029_0042_0042.jpg 1 10 29 42 42
1370_0028_0015_0039_0039.jpg 1 28 15 39 39
1371_0012_0009_0029_0029.jpg 1 12 9 29 29
1372_0051_0046_0036_0036.jpg 1 51 46 36 36
1373_0046_0034_0038_0038.jpg 1 46 34 38 38
1374_0027_0017_0069_0069.jpg 1 27 17 69 69
1375_0035_0024_0053_0053.jpg 1 35 24 53 53
1376_0036_0021_0049_0049.jpg 1 36 21 49 49
1377_0037_0026_0053_0053.jpg 1 37 26 53 53
1378_0051_0010_0039_0039.jpg 1 51 10 39 39
1379_0049_0025_0040_0040.jpg 1 49 25 40 40
1380_0067_0017_0024_0024.jpg 1 67 17 24 24
1381_0017_0014_0054_0054.jpg 1 17 14 54 54
1382_0060_0057_0032_0032.jpg 1 60 57 32 32
1383_0028_0022_0058_0058.jpg 1 28 22 58 58
1384_0005_0023_0060_0060.jpg 1 5 23 60 60
1385_0026_0013_0058_0058.jpg 1 26 13 58 58
1386_0018_0038_0057_0057.jpg 1 18 38 57 57
1387_0060_0050_0025_0025.jpg 1 60 50 25 25
1388_0045_0029_0047_0047.jpg 1 45 29 47 47
1389_0046_0011_0044_0044.jpg 1 46 11 44 44
1390_0008_0026_0045_0045.jpg 1 8 26 45 45
1391_0023_0059_0029_0029.jpg 1 23 59 29 29
1392_0008_0010_0065_0065.jpg 1 8 10 65 65
1393_0022_0036_0044_0044.jpg 1 22 36 44 44
1394_0014_0016_0033_0033.jpg 1 14 16 33 33
1395_0010_0022_0035_0035.jpg 1 10 22 35 35
1396_0009_0011_0068_0068.jpg 1 9 11 68 68
1397_0022_0034_0061_0061.jpg 1 22 34 61 61
1398_0045_0007_0026_0026.jpg 1 45 7 26 26
1399_0024_0035_0060_0060.jpg 1 24 35 60 60
1400_0016_0025_0067_0067.jpg 1 16 25 67 67
1401_0004_0006_0059_0059.jpg 1 4 6 59 59
1402_0025_0021_0065_0065.jpg 1 25 21 65 65
1403_0008_0028_0041_0041.jpg 1 8 28 41 41
1404_0028_0035_0059_0059.jpg 1 28 35 59 59
1405_0025_0019_0027_0027.jpg 1 25 19 27 27
1406_0030_0022_0062_0062.jpg 1 30 22 62 62
1407_0017_0025_0054_0054.jpg 1 17 25 54 54
1408_0051_0016_0036_0036.jpg 1 51 16 36 36
1409_0033_0021_0047_0047.jpg 1 33 21 47 47
1410_0032_0035_0045_0045.jpg 1 32 35 45 45
1411_0012_0053_0035_0035.jpg 1 12 53 35 35
1412_0021_0013_0067_0067.jpg 1 21 13 67 67
1413_0016_0050_0024_0024.jpg 1 16 50 24 24
1414_0009_0023_0057_0057.jpg 1 9 23 57 57
1415_0033_0009_0060_0060.jpg 1 33 9 60 60
1416_0017_0011_0049_0049.jpg 1 17 11 49 49
1417_0053_0057_0024_0024.jpg 1 53 57 24 24
1418_0024_0025_0044_0044.jpg 1 24 25 44 44
1419_0053_0045_0026_0026.jpg 1 53 45 26 26
1420_0018_0055_0029_0029.jpg 1 18 55 29 29
1421_0045_0013_0030_0030.jpg 1 45 13 30 30
1422_0014_0050_0039_0039.jpg 1 14 50 39 39
1423_0038_0013_0053_0053.jpg 1 38 13 53 53
1424_0016_0012_0066_0066.jpg 1 16 12 66 66
1425_0027_0053_0039_0039.jpg 1 27 53 39 39
1426_0010_0033_0061_0061.jpg 1 10 33 61 61
1427_0034_0022_0052_0052.jpg 1 34 22 52 52
1428_0038_0043_0034_0034.jpg 1 38 43 34 34
1429_0048_0017_0027_0027.jpg 1 48 17 27 27
1430_0036_0028_0038_0038.jpg 1 36 28 38 38
1431_0048_0049_0035_0035.jpg 1 48 49 35 35
1432_0034_0042_0046_0046.jpg 1 34 42 46 46
1433_0011_0019_0044_0044.jpg 1 11 19 44 44
1434_0026_0009_0045_0045.jpg 1 26 9 45 45
1435_0016_0011_0047_0047.jpg 1 16 11 47 47
1436_0019_0027_0031_0031.jpg 1 19 27 31 31
1437_0014_0018_0063_0063.jpg 1 14 18 63 63
1438_0055_0034_0025_0025.jpg 1 55 34 25 25
1439_0016_0029_0041_0041.jpg 1 16 29 41 41
1440_0008_0008_0067_0067.jpg 1 8 8 67 67
1441_0056_0034_0034_0034.jpg 1 56 34 34 34
1442_0043_0035_0043_0043.jpg 1 43 35 43 43
1443_0004_0014_0065_0065.jpg 1 4 14 65 65
1444_0008_0044_0043_0043.jpg 1 8 44 43 43
1445_0040_0023_0041_0041.jpg 1 40 23 41 41
1446_0032_0047_0036_0036.jpg 1 32 47 36 36
1447_0021_0021_0062_0062.jpg 1 21 21 62 62
1448_0044_0038_0050_0050.jpg 1 44 38 50 50
1449_0019_0035_0045_0045.jpg 1 19 35 45 45
1450_0025_0015_0056_0056.jpg 1 25 15 56 56
1451_0014_0019_0052_0052.jpg 1 14 19 52 52
1452_0027_0037_0049_0049.jpg 1 27 37 49 49
1453_0008_0021_0047_0047.jpg 1 8 21 47 47
1454_0022_0014_0063_0063.jpg 1 22 14 63 63
1455_0031_0014_0058_0058.jpg 1 31 14 58 58
1456_0024_0022_0063_0063.jpg 1 24 22 63 63
1457_0010_0016_0037_0037.jpg 1 10 16 37 37
1458_0030_0029_0050_0050.jpg 1 30 29 50 50
1459_0016_0023_0044_0044.jpg 1 16 23 44 44
1460_0013_0025_0053_0053.jpg 1 13 25 53 53
1461_0049_0035_0027_0027.jpg 1 49 35 27 27
1462_0009_0023_0033_0033.jpg 1 9 23 33 33
1463_0014_0005_0061_0061.jpg 1 14 5 61 61
1464_0009_0025_0035_0035.jpg 1 9 25 35 35
1465_0033_0007_0040_0040.jpg 1 33 7 40 40
1466_0034_0023_0025_0025.jpg 1 34 23 25 25
1467_0036_0026_0029_0029.jpg 1 36 26 29 29
1468_0024_0012_0064_0064.jpg 1 24 12 64 64
1469_0014_0012_0051_0051.jpg 1 14 12 51 51
1470_0030_0017_0048_0048.jpg 1 30 17 48 48
1471_0028_0022_0029_0029.jpg 1 28 22 29 29
1472_0018_0037_0049_0049.jpg 1 18 37 49 49
1473_0027_0014_0030_0030.jpg 1 27 14 30 30
1474_0038_0026_0052_0052.jpg 1 38 26 52 52
1475_0046_0015_0037_0037.jpg 1 46 15 37 37
1476_0017_0011_0061_0061.jpg 1 17 11 61 61
1477_0022_0016_0062_0062.jpg 1 22 16 62 62
1478_0006_0005_0059_0059.jpg 1 6 5 59 59
1479_0026_0036_0028_0028.jpg 1 26 36 28 28
1480_0009_0052_0041_0041.jpg 1 9 52 41 41
1481_0012_0014_0059_0059.jpg 1 12 14 59 59
1482_0048_0009_0044_0044.jpg 1 48 9 44 44
1483_0036_0026_0042_0042.jpg 1 36 26 42 42
1484_0017_0027_0044_0044.jpg 1 17 27 44 44
1485_0036_0009_0035_0035.jpg 1 36 9 35 35
1486_0027_0012_0061_0061.jpg 1 27 12 61 61
1487_0022_0045_0032_0032.jpg 1 22 45 32 32
1488_0010_0023_0066_0066.jpg 1 10 23 66 66
1489_0033_0033_0052_0052.jpg 1 33 33 52 52
1490_0008_0011_0062_0062.jpg 1 8 11 62 62
1491_0022_0017_0029_0029.jpg 1 22 17 29 29
1492_0024_0006_0056_0056.jpg 1 24 6 56 56
1493_0022_0031_0048_0048.jpg 1 22 31 48 48
1494_0030_0038_0026_0026.jpg 1 30 38 26 26
1495_0043_0017_0034_0034.jpg 1 43 17 34 34
1496_0021_0020_0033_0033.jpg 1 21 20 33 33
1497_0005_0028_0063_0063.jpg 1 5 28 63 63
1498_0017_0032_0038_0038.jpg 1 17 32 38 38
1499_0020_0027_0060_0060.jpg 1 20 27 60 60
1500_0040_0009_0054_0054.jpg 1 40 9 54 54
1501_0006_0031_0059_0059.jpg 1 6 31 59 59
1502_0007_0018_0037_0037.jpg 1 7 18 37 37
1503_0045_0010_0044_0044.jpg 1 45 10 44 44
1504_0005_0013_0069_0069.jpg 1 5 13 69 69
1505_0015_0007_0048_0048.jpg 1 15 7 48 48
1506_0055_0035_0038_0038.jpg 1 55 35 38 38
1507_0053_0026_0029_0029.jpg 1 53 26 29 29
1508_0009_0016_0053_0053.jpg 1 9 16 53 53
1509_0035_0016_0030_0030.jpg 1 35 16 30 30
1510_0034_0036_0050_0050.jpg 1 34 36 50 50
1511_0004_0023_0062_0062.jpg 1 4 23 62 62
1512_0016_0004_0063_0063.jpg 1 16 4 63 63
1513_0056_0037_0029_0029.jpg 1 56 37 29 29
1514_0032_0032_0032_0032.jpg 1 32 32 32 32
1515_0009_0029_0026_0026.jpg 1 9 29 26 26
1516_0018_0035_0051_0051.jpg 1 18 35 51 51
1517_0028_0049_0042_0042.jpg 1 28 49 42 42
1518_0028_0007_0032_0032.jpg 1 28 7 32 32
1519_0014_0038_0032_0032.jpg 1 14 38 32 32
1520_0022_0021_0069_0069.jpg 1 22 21 69 69
1521_0028_0055_0038_0038.jpg 1 28 55 38 38
1522_0034_0039_0046_0046.jpg 1 34 39 46 46
1523_0014_0028_0064_0064.jpg 1 14 28 64 64
1524_0041_0044_0026_0026.jpg 1 41 44 26 26
1525_0024_0018_0054_0054.jpg 1 24 18 54 54
1526_0023_0046_0048_0048.jpg 1 23 46 48 48
1527_0004_0030_0061_0061.jpg 1 4 30 61 61
1528_0017_0020_0051_0051.jpg 1 17 20 51 51
1529_0030_0058_0034_0034.jpg 1 30 58 34 34
1530_0021_0016_0069_0069.jpg 1 21 16 69 69
1531_0027_0035_0046_0046.jpg 1 27 35 46 46
1532_0035_0040_0036_0036.jpg 1 35 40 36 36
1533_0012_0011_0054_0054.jpg 1 12 11 54 54
1534_0036_0006_0047_0047.jpg 1 36 6 47 47
1535_0018_0037_0049_0049.jpg 1 18 37 49 49
1536_0032_0011_0029_0029.jpg 1 32 11 29 29
1537_0009_0045_0039_0039.jpg 1 9 45 39 39
1538_0025_0048_0025_0025.jpg 1 25 48 25 25
1539_0038_0011_0036_0036.jpg 1 38 11 36 36
1540_0025_0040_0052_0052.jpg 1 25 40 52 52
1541_0034_0020_0055_0055.jpg 1 34 20 55 55
1542_0030_0029_0060_0060.jpg 1 30 29 60 60
1543_0027_0036_0055_0055.jpg 1 27 36 55 55
1544_0019_0033_0044_0044.jpg 1 19 33 44 44
1545_0006_0022_0062_0062.jpg 1 6 22 62 62
1546_0053_0055_0032_0032.jpg 1 53 55 32 32
1547_0029_0012_0062_0062.jpg 1 29 12 62 62
1548_0020_0019_0059_0059.jpg 1 20 19 59 59
1549_0011_0041_0031_0031.jpg 1 11 41 31 31
1550_0039_0023_0056_0056.jpg 1 39 23 56 56
1551_0013_0005_0051_0051.jpg 1 13 5 51 51
1552_0016_0022_0064_0064.jpg 1 16 22 64 64
1553_0054_0015_0034_0034.jpg 1 54 15 34 34
1554_0011_0009_0069_0069.jpg 1 11 9 69 69
1555_0007_0035_0051_0051.jpg 1 7 35 51 51
1556_0022_0016_0032_0032.jpg 1 22 16 32 32
1557_0010_0018_0063_0063.jpg 1 10 18 63 63
1558_0032_0013_0060_0060.jpg 1 32 13 60 60
1559_0064_0043_0024_0024.jpg 1 64 43 24 24
1560_0019_0013_0063_0063.jpg 1 19 13 63 63
1561_0051_0018_0040_0040.jpg 1 51 18 40 40
1562_0012_0022_0066_0066.jpg 1 12 22 66 66
1563_0021_0032_0057_0057.jpg 1 21 32 57 57
1564_0019_0010_0035_0035.jpg 1 19 10 35 35
1565_0014_0012_0063_0063.jpg 1 14 12 63 63
1566_0022_0032_0055_0055.jpg 1 22 32 55 55
1567_0029_0013_0052_0052.jpg 1 29 13 52 52
1568_0045_0011_0048_0048.jpg 1 45 11 48 48
1569_0006_0037_0058_0058.jpg 1 6 37 58 58
1570_0015_0017_0044_0044.jpg 1 15 17 44 44
1571_0027_0026_0056_0056.jpg 1 27 26 56 56
1572_0028_0024_0065_0065.jpg 1 28 24 65 65
1573_0026_0035_0050_0050.jpg 1 26 35 50 50
1574_0036_0006_0057_0057.jpg 1 36 6 57 57
1575_0044_0022_0025_0025.jpg 1 44 22 25 25
1576_0031_0017_0059_0059.jpg 1 31 17 59 59
1577_0023_0044_0039_0039.jpg 1 23 44 39 39
1578_0030_0032_0049_0049.jpg 1 30 32 49 49
1579_0018_0015_0069_0069.jpg 1 18 15 69 69
1580_0044_0034_0049_0049.jpg 1 44 34 49 49
1581_0007_0017_0062_0062.jpg 1 7 17 62 62
1582_0036_0024_0047_0047.jpg 1 36 24 47 47
1583_0010_0031_0060_0060.jpg 1 10 31 60 60
1584_0005_0010_0055_0055.jpg 1 5 10 55 55
1585_0039_0056_0035_0035.jpg 1 39 56 35 35
1586_0031_0006_0057_0057.jpg 1 31 6 57 57
1587_0010_0005_0067_0067.jpg 1 10 5 67 67
1588_0024_0017_0069_0069.jpg 1 24 17 69 69
1589_0052_0035_0027_0027.jpg 1 52 35 27 27
1590_0023_0031_0043_0043.jpg 1 23 31 43 43
1591_0041_0019_0052_0052.jpg 1 41 19 52 52
1592_0026_0019_0045_0045.jpg 1 26 19 45 45
1593_0011_0034_0052_0052.jpg 1 11 34 52 52
1594_0057_0018_0028_0028.jpg 1 57 18 28 28
1595_0006_0009_0035_0035.jpg 1 6 9 35 35
1596_0032_0015_0060_0060.jpg 1 32 15 60 60
1597_0017_0020_0042_0042.jpg 1 17 20 42 42
1598_0007_0028_0048_0048.jpg 1 7 28 48 48
1599_0010_0008_0062_0062.jpg 1 10 8 62 62
1600_0042_0016_0049_0049.jpg 1 42 16 49 49
1601_0058_0036_0034_0034.jpg 1 58 36 34 34
1602_0041_0008_0038_0038.jpg 1 41 8 38 38
1603_0026_0014_0061_0061.jpg 1 26 14 61 61
1604_0025_0011_0038_0038.jpg 1 25 11 38 38
1605_0016_0017_0065_0065.jpg 1 16 17 65 65
1606_0024_0005_0064_0064.jpg 1 24 5 64 64
1607_0054_0025_0026_0026.jpg 1 54 25 26 26
1608_0062_0026_0030_0030.jpg 1 62 26 30 30
1609_0011_0025_0038_0038.jpg 1 11 25 38 38
1610_0035_0023_0054_0054.jpg 1 35 23 54 54
1611_0040_0030_0049_0049.jpg 1 40 30 49 49
1612_0043_0050_0034_0034.jpg 1 43 50 34 34
1613_0008_0009_0050_0050.jpg 1 8 9 50 50
1614_0010_0055_0035_0035.jpg 1 10 55 35 35
1615_0036_0028_0040_0040.jpg 1 36 28 40 40
1616_0049_0065_0026_0026.jpg 1 49 65 26 26
1617_0010_0025_0067_0067.jpg 1 10 25 67 67
1618_0058_0013_0035_0035.jpg 1 58 13 35 35
1619_0044_0041_0045_0045.jpg 1 44 41 45 45
1620_0021_0020_0061_0061.jpg 1 21 20 61 61
1621_0017_0026_0058_0058.jpg 1 17 26 58 58
1622_0034_0059_0024_0024.jpg 1 34 59 24 24
1623_0043_0030_0034_0034.jpg 1 43 30 34 34
1624_0017_0016_0065_0065.jpg 1 17 16 65 65
1625_0026_0012_0064_0064.jpg 1 26 12 64 64
1626_0004_0010_0069_0069.jpg 1 4 10 69 69
1627_0022_0035_0050_0050.jpg 1 22 35 50 50
1628_0024_0023_0031_0031.jpg 1 24 23 31 31
1629_0024_0014_0051_0051.jpg 1 24 14 51 51
1630_0018_0010_0069_0069.jpg 1 18 10 69 69
1631_0012_0015_0030_0030.jpg 1 12 15 30 30
1632_0011_0029_0033_0033.jpg 1 11 29 33 33
1633_0057_0042_0032_0032.jpg 1 57 42 32 32
1634_0034_0037_0029_0029.jpg 1 34 37 29 29
1635_0037_0016_0024_0024.jpg 1 37 16 24 24
1636_0027_0035_0043_0043.jpg 1 27 35 43 43
1637_0033_0016_0054_0054.jpg 1 33 16 54 54
1638_0038_0006_0045_0045.jpg 1 38 6 45 45
1639_0018_0029_0043_0043.jpg 1 18 29 43 43
1640_0034_0007_0045_0045.jpg 1 34 7 45 45
1641_0040_0008_0039_0039.jpg 1 40 8 39 39
1642_0047_0012_0032_0032.jpg 1 47 12 32 32
1643_0027_0035_0052_0052.jpg 1 27 35 52 52
1644_0028_0005_0066_0066.jpg 1 28 5 66 66
1645_0023_0027_0040_0040.jpg 1 23 27 40 40
1646_0042_0010_0037_0037.jpg 1 42 10 37 37
1647_0037_0054_0026_0026.jpg 1 37 54 26 26
1648_0043_0008_0048_0048.jpg 1 43 8 48 48
1649_0038_0029_0055_0055.jpg 1 38 29 55 55
1650_0023_0004_0067_0067.jpg 1 23 4 67 67
1651_0022_0020_0042_0042.jpg 1 22 20 42 42
1652_0022_0031_0050_0050.jpg 1 22 31 50 50
1653_0054_0015_0032_0032.jpg 1 54 15 32 32
1654_0020_0058_0028_0028.jpg 1 20 58 28 28
1655_0024_0019_0032_0032.jpg 1 24 19 32 32
1656_0048_0038_0030_0030.jpg 1 48 38 30 30
1657_0010_0062_0024_0024.jpg 1 10 62 24 24
1658_0014_0017_0055_0055.jpg 1 14 17 55 55
1659_0057_0008_0036_0036.jpg 1 57 8 36 36
1660_0011_0054_0028_0028.jpg 1 11 54 28 28
1661_0024_0021_0036_0036.jpg 1 24 21 36 36
1662_0017_0060_0032_0032.jpg 1 17 60 32 32
1663_0038_0009_0031_0031.jpg 1 38 9 31 31
1664_0020_0019_0031_0031.jpg 1 20 19 31 31
1665_0060_0048_0031_0031.jpg 1 60 48 31 31
1666_0019_0047_0034_0034.jpg 1 19 47 34 34
1667_0032_0015_0030_0030.jpg 1 32 15 30 30
1668_0015_0066_0025_0025.jpg 1 15 66 25 25
1669_0021_0012_0055_0055.jpg 1 21 12 55 55
1670_0038_0041_0049_0049.jpg 1 38 41 49 49
1671_0032_0052_0030_0030.jpg 1 32 52 30 30
1672_0013_0034_0038_0038.jpg 1 13 34 38 38
1673_0018_0014_0028_0028.jpg 1 18 14 28 28
1674_0060_0016_0032_0032.jpg 1 60 16 32 32
1675_0043_0055_0037_0037.jpg 1 43 55 37 37
1676_0030_0019_0041_0041.jpg 1 30 19 41 41
1677_0022_0008_0062_0062.jpg 1 22 8 62 62
1678_0052_0017_0040_0040.jpg 1 52 17 40 40
1679_0021_0035_0037_0037.jpg 1 21 35 37 37
1680_0025_0023_0052_0052.jpg 1 25 23 52 52
1681_0026_0025_0058_0058.jpg 1 26 25 58 58
1682_0035_0054_0024_0024.jpg 1 35 54 24 24
1683_0021_0059_0024_0024.jpg 1 21 59 24 24
1684_0022_0021_0031_0031.jpg 1 22 21 31 31
1685_0023_0033_0062_0062.jpg 1 23 33 62 62
1686_0003_0009_0067_0067.jpg 1 3 9 67 67
1687_0012_0041_0046_0046.jpg 1 12 41 46 46
1688_0030_0007_0051_0051.jpg 1 30 7 51 51
1689_0037_0049_0035_0035.jpg 1 37 49 35 35
1690_0015_0020_0026_0026.jpg 1 15 20 26 26
1691_0045_0047_0045_0045.jpg 1 45 47 45 45
1692_0026_0043_0039_0039.jpg 1 26 43 39 39
1693_0029_0017_0062_0062.jpg 1 29 17 62 62
1694_0014_0038_0028_0028.jpg 1 14 38 28 28
1695_0016_0014_0066_0066.jpg 1 16 14 66 66
1696_0029_0008_0050_0050.jpg 1 29 8 50 50
1697_0018_0027_0046_0046.jpg 1 18 27 46 46
1698_0050_0054_0027_0027.jpg 1 50 54 27 27
1699_0055_0026_0024_0024.jpg 1 55 26 24 24
1700_0048_0053_0027_0027.jpg 1 48 53 27 27
1701_0018_0028_0057_0057.jpg 1 18 28 57 57
1702_0019_0042_0047_0047.jpg 1 19 42 47 47
1703_0028_0036_0041_0041.jpg 1 28 36 41 41
1704_0039_0012_0038_0038.jpg 1 39 12 38 38
1705_0010_0021_0032_0032.jpg 1 10 21 32 32
1706_0015_0028_0067_0067.jpg 1 15 28 67 67
1707_0040_0010_0053_0053.jpg 1 40 10 53 53
1708_0004_0033_0062_0062.jpg 1 4 33 62 62
1709_0011_0011_0036_0036.jpg 1 11 11 36 36
1710_0040_0037_0034_0034.jpg 1 40 37 34 34
1711_0022_0024_0066_0066.jpg 1 22 24 66 66
1712_0026_0034_0057_0057.jpg 1 26 34 57 57
1713_0032_0016_0028_0028.jpg 1 32 16 28 28
1714_0010_0026_0028_0028.jpg 1 10 26 28 28
1715_0041_0039_0049_0049.jpg 1 41 39 49 49
1716_0026_0027_0047_0047.jpg 1 26 27 47 47
1717_0023_0059_0033_0033.jpg 1 23 59 33 33
1718_0009_0020_0063_0063.jpg 1 9 20 63 63
1719_0045_0032_0038_0038.jpg 1 45 32 38 38
1720_0044_0028_0044_0044.jpg 1 44 28 44 44
1721_0031_0047_0031_0031.jpg 1 31 47 31 31
1722_0045_0012_0039_0039.jpg 1 45 12 39 39
1723_0054_0062_0026_0026.jpg 1 54 62 26 26
1724_0011_0029_0053_0053.jpg 1 11 29 53 53
1725_0043_0032_0045_0045.jpg 1 43 32 45 45
1726_0034_0032_0059_0059.jpg 1 34 32 59 59
1727_0037_0017_0050_0050.jpg 1 37 17 50 50
1728_0007_0010_0061_0061.jpg 1 7 10 61 61
1729_0041_0045_0038_0038.jpg 1 41 45 38 38
1730_0050_0057_0030_0030.jpg 1 50 57 30 30
1731_0028_0007_0062_0062.jpg 1 28 7 62 62
1732_0055_0037_0036_0036.jpg 1 55 37 36 36
1733_0016_0014_0059_0059.jpg 1 16 14 59 59
1734_0055_0031_0031_0031.jpg 1 55 31 31 31
1735_0030_0012_0034_0034.jpg 1 30 12 34 34
1736_0060_0014_0025_0025.jpg 1 60 14 25 25
1737_0035_0023_0052_0052.jpg 1 35 23 52 52
1738_0047_0053_0027_0027.jpg 1 47 53 27 27
1739_0024_0042_0039_0039.jpg 1 24 42 39 39
1740_0053_0017_0033_0033.jpg 1 53 17 33 33
1741_0024_0004_0064_0064.jpg 1 24 4 64 64
1742_0019_0041_0048_0048.jpg 1 19 41 48 48
1743_0039_0015_0050_0050.jpg 1 39 15 50 50
1744_0012_0027_0069_0069.jpg 1 12 27 69 69
1745_0031_0013_0051_0051.jpg 1 31 13 51 51
1746_0031_0038_0029_0029.jpg 1 31 38 29 29
1747_0019_0008_0055_0055.jpg 1 19 8 55 55
1748_0008_0021_0068_0068.jpg 1 8 21 68 68
1749_0020_0038_0051_0051.jpg 1 20 38 51 51
1750_0047_0027_0042_0042.jpg 1 47 27 42 42
1751_0025_0004_0064_0064.jpg 1 25 4 64 64
1752_0016_0017_0056_0056.jpg 1 16 17 56 56
1753_0025_0021_0055_0055.jpg 1 25 21 55 55
1754_0060_0024_0026_0026.jpg 1 60 24 26 26
1755_0011_0033_0047_0047.jpg 1 11 33 47 47
1756_0009_0031_0047_0047.jpg 1 9 31 47 47
1757_0038_0050_0035_0035.jpg 1 38 50 35 35
1758_0035_0028_0059_0059.jpg 1 35 28 59 59
1759_0006_0056_0035_0035.jpg 1 6 56 35 35
1760_0013_0027_0056_0056.jpg 1 13 27 56 56
1761_0019_0031_0058_0058.jpg 1 19 31 58 58
1762_0029_0019_0052_0052.jpg 1 29 19 52 52
1763_0043_0036_0040_0040.jpg 1 43 36 40 40
1764_0010_0011_0063_0063.jpg 1 10 11 63 63
1765_0025_0030_0061_0061.jpg 1 25 30 61 61
1766_0029_0008_0054_0054.jpg 1 29 8 54 54
1767_0021_0043_0026_0026.jpg 1 21 43 26 26
1768_0012_0004_0055_0055.jpg 1 12 4 55 55
1769_0011_0009_0049_0049.jpg 1 11 9 49 49
1770_0007_0026_0057_0057.jpg 1 7 26 57 57
1771_0008_0029_0059_0059.jpg 1 8 29 59 59
1772_0047_0025_0039_0039.jpg 1 47 25 39 39
1773_0045_0017_0038_0038.jpg 1 45 17 38 38
1774_0039_0038_0039_0039.jpg 1 39 38 39 39
1775_0009_0050_0032_0032.jpg 1 9 50 32 32
1776_0019_0038_0049_0049.jpg 1 19 38 49 49
1777_0027_0004_0066_0066.jpg 1 27 4 66 66
1778_0032_0042_0050_0050.jpg 1 32 42 50 50
1779_0006_0022_0044_0044.jpg 1 6 22 44 44
1780_0032_0012_0059_0059.jpg 1 32 12 59 59
1781_0020_0009_0058_0058.jpg 1 20 9 58 58
1782_0018_0009_0038_0038.jpg 1 18 9 38 38
1783_0015_0006_0047_0047.jpg 1 15 6 47 47
1784_0054_0013_0037_0037.jpg 1 54 13 37 37
1785_0013_0031_0052_0052.jpg 1 13 31 52 52
1786_0058_0057_0031_0031.jpg 1 58 57 31 31
1787_0043_0050_0034_0034.jpg 1 43 50 34 34
1788_0017_0024_0027_0027.jpg 1 17 24 27 27
1789_0024_0009_0054_0054.jpg 1 24 9 54 54
1790_0018_0018_0067_0067.jpg 1 18 18 67 67
1791_0042_0010_0053_0053.jpg 1 42 10 53 53
1792_0019_0012_0055_0055.jpg 1 19 12 55 55
1793_0012_0010_0037_0037.jpg 1 12 10 37 37
1794_0041_0037_0025_0025.jpg 1 41 37 25 25
1795_0004_0016_0056_0056.jpg 1 4 16 56 56
1796_0022_0025_0062_0062.jpg 1 22 25 62 62
1797_0005_0019_0063_0063.jpg 1 5 19 63 63
1798_0021_0033_0047_0047.jpg 1 21 33 47 47
1799_0025_0005_0066_0066.jpg 1 25 5 66 66
1800_0012_0020_0032_0032.jpg 1 12 20 32 32
1801_0016_0019_0049_0049.jpg 1 16 19 49 49
1802_0013_0015_0066_0066.jpg 1 13 15 66 66
1803_0013_0027_0027_0027.jpg 1 13 27 27 27
1804_0043_0018_0047_0047.jpg 1 43 18 47 47
1805_0026_0038_0048_0048.jpg 1 26 38 48 48
1806_0006_0019_0043_0043.jpg 1 6 19 43 43
1807_0008_0016_0066_0066.jpg 1 8 16 66 66
1808_0034_0037_0055_0055.jpg 1 34 37 55 55
1809_0010_0012_0036_0036.jpg 1 10 12 36 36
1810_0019_0006_0055_0055.jpg 1 19 6 55 55
1811_0036_0022_0054_0054.jpg 1 36 22 54 54
1812_0027_0006_0050_0050.jpg 1 27 6 50 50
1813_0050_0016_0034_0034.jpg 1 50 16 34 34
1814_0052_0050_0032_0032.jpg 1 52 50 32 32
1815_0006_0035_0046_0046.jpg 1 6 35 46 46
1816_0026_0019_0035_0035.jpg 1 26 19 35 35
1817_0018_0029_0031_0031.jpg 1 18 29 31 31
1818_0019_0008_0054_0054.jpg 1 19 8 54 54
1819_0035_0024_0059_0059.jpg 1 35 24 59 59
1820_0016_0020_0029_0029.jpg 1 16 20 29 29
1821_0021_0033_0051_0051.jpg 1 21 33 51 51
1822_0009_0017_0054_0054.jpg 1 9 17 54 54
1823_0023_0016_0043_0043.jpg 1 23 16 43 43
1824_0054_0042_0034_0034.jpg 1 54 42 34 34
1825_0059_0049_0030_0030.jpg 1 59 49 30 30
1826_0017_0036_0058_0058.jpg 1 17 36 58 58
1827_0031_0056_0027_0027.jpg 1 31 56 27 27
1828_0025_0029_0027_0027.jpg 1 25 29 27 27
1829_0011_0024_0037_0037.jpg 1 11 24 37 37
1830_0020_0012_0060_0060.jpg 1 20 12 60 60
1831_0026_0003_0068_0068.jpg 1 26 3 68 68
1832_0037_0006_0041_0041.jpg 1 37 6 41 41
1833_0024_0026_0057_0057.jpg 1 24 26 57 57
1834_0019_0012_0057_0057.jpg 1 19 12 57 57
1835_0013_0025_0039_0039.jpg 1 13 25 39 39
1836_0030_0066_0026_0026.jpg 1 30 66 26 26
1837_0034_0032_0030_0030.jpg 1 34 32 30 30
1838_0033_0025_0048_0048.jpg 1 33 25 48 48
1839_0027_0021_0061_0061.jpg 1 27 21 61 61
1840_0026_0029_0053_0053.jpg 1 26 29 53 53
1841_0023_0014_0068_0068.jpg 1 23 14 68 68
1842_0014_0004_0068_0068.jpg 1 14 4 68 68
1843_0058_0035_0027_0027.jpg 1 58 35 27 27
1844_0020_0025_0043_0043.jpg 1 20 25 43 43
1845_0029_0037_0033_0033.jpg 1 29 37 33 33
1846_0009_0017_0053_0053.jpg 1 9 17 53 53
1847_0034_0061_0028_0028.jpg 1 34 61 28 28
1848_0025_0033_0053_0053.jpg 1 25 33 53 53
1849_0049_0028_0030_0030.jpg 1 49 28 30 30
1850_0026_0043_0045_0045.jpg 1 26 43 45 45
1851_0034_0033_0036_0036.jpg 1 34 33 36 36
1852_0007_0004_0069_0069.jpg 1 7 4 69 69
1853_0030_0044_0036_0036.jpg 1 30 44 36 36
1854_0023_0005_0053_0053.jpg 1 23 5 53 53
1855_0055_0065_0026_0026.jpg 1 55 65 26 26
1856_0016_0007_0067_0067.jpg 1 16 7 67 67
1857_0027_0044_0049_0049.jpg 1 27 44 49 49
1858_0019_0006_0050_0050.jpg 1 19 6 50 50
1859_0067_0009_0024_0024.jpg 1 67 9 24 24
1860_0032_0056_0024_0024.jpg 1 32 56 24 24
1861_0055_0057_0031_0031.jpg 1 55 57 31 31
1862_0037_0046_0028_0028.jpg 1 37 46 28 28
1863_0020_0026_0041_0041.jpg 1 20 26 41 41
1864_0006_0015_0068_0068.jpg 1 6 15 68 68
1865_0023_0028_0056_0056.jpg 1 23 28 56 56
1866_0033_0015_0024_0024.jpg 1 33 15 24 24
1867_0039_0037_0046_0046.jpg 1 39 37 46 46
1868_0036_0024_0054_0054.jpg 1 36 24 54 54
1869_0053_0028_0034_0034.jpg 1 53 28 34 34
1870_0030_0008_0062_0062.jpg 1 30 8 62 62
1871_0047_0008_0042_0042.jpg 1 47 8 42 42
1872_0010_0015_0038_0038.jpg 1 10 15 38 38
1873_0015_0023_0065_0065.jpg 1 15 23 65 65
1874_0019_0027_0038_0038.jpg 1 19 27 38 38
1875_0015_0026_0048_0048.jpg 1 15 26 48 48
1876_0013_0004_0057_0057.jpg 1 13 4 57 57
1877_0017_0020_0053_0053.jpg 1 17 20 53 53
1878_0041_0045_0046_0046.jpg 1 41 45 46 46
1879_0064_0059_0027_0027.jpg 1 64 59 27 27
1880_0017_0021_0047_0047.jpg 1 17 21 47 47
1881_0015_0060_0032_0032.jpg 1 15 60 32 32
1882_0013_0015_0067_0067.jpg 1 13 15 67 67
1883_0022_0015_0066_0066.jpg 1 22 15 66 66
1884_0031_0012_0044_0044.jpg 1 31 12 44 44
1885_0008_0034_0051_0051.jpg 1 8 34 51 51
1886_0021_0010_0038_0038.jpg 1 21 10 38 38
1887_0024_0016_0027_0027.jpg 1 24 16 27 27
1888_0024_0025_0055_0055.jpg 1 24 25 55 55
1889_0026_0030_0061_0061.jpg 1 26 30 61 61
1890_0014_0012_0060_0060.jpg 1 14 12 60 60
1891_0013_0042_0046_0046.jpg 1 13 42 46 46
1892_0067_0021_0024_0024.jpg 1 67 21 24 24
1893_0003_0022_0065_0065.jpg 1 3 22 65 65
1894_0018_0022_0060_0060.jpg 1 18 22 60 60
1895_0022_0012_0069_0069.jpg 1 22 12 69 69
1896_0031_0044_0033_0033.jpg 1 31 44 33 33
1897_0024_0026_0066_0066.jpg 1 24 26 66 66
1898_0035_0021_0053_0053.jpg 1 35 21 53 53
1899_0009_0012_0056_0056.jpg 1 9 12 56 56
1900_0011_0003_0069_0069.jpg 1 11 3 69 69
1901_0029_0023_0060_0060.jpg 1 29 23 60 60
1902_0046_0043_0043_0043.jpg 1 46 43 43 43
1903_0016_0005_0066_0066.jpg 1 16 5 66 66
1904_0027_0030_0062_0062.jpg 1 27 30 62 62
1905_0036_0035_0043_0043.jpg 1 36 35 43 43
1906_0020_0017_0034_0034.jpg 1 20 17 34 34
1907_0033_0027_0055_0055.jpg 1 33 27 55 55
1908_0018_0016_0029_0029.jpg 1 18 16 29 29
1909_0018_0021_0035_0035.jpg 1 18 21 35 35
1910_0018_0023_0048_0048.jpg 1 18 23 48 48
1911_0046_0030_0026_0026.jpg 1 46 30 26 26
1912_0020_0013_0062_0062.jpg 1 20 13 62 62
1913_0013_0009_0057_0057.jpg 1 13 9 57 57
1914_0006_0050_0040_0040.jpg 1 6 50 40 40
1915_0041_0021_0039_0039.jpg 1 41 21 39 39
1916_0007_0014_0046_0046.jpg 1 7 14 46 46
1917_0033_0004_0060_0060.jpg 1 33 4 60 60
1918_0024_0061_0029_0029.jpg 1 24 61 29 29
1919_0009_0008_0066_0066.jpg 1 9 8 66 66
1920_0033_0019_0057_0057.jpg 1 33 19 57 57
1921_0017_0026_0047_0047.jpg 1 17 26 47 47
1922_0018_0029_0061_0061.jpg 1 18 29 61 61
1923_0034_0026_0057_0057.jpg 1 34 26 57 57
1924_0022_0036_0057_0057.jpg 1 22 36 57 57
1925_0018_0032_0060_0060.jpg 1 18 32 60 60
1926_0019_0023_0026_0026.jpg 1 19 23 26 26
1927_0042_0043_0028_0028.jpg 1 42 43 28 28
1928_0015_0043_0026_0026.jpg 1 15 43 26 26
1929_0031_0021_0054_0054.jpg 1 31 21 54 54
1930_0028_0024_0026_0026.jpg 1 28 24 26 26
1931_0008_0022_0051_0051.jpg 1 8 22 51 51
1932_0023_0024_0052_0052.jpg 1 23 24 52 52
1933_0020_0024_0061_0061.jpg 1 20 24 61 61
1934_0021_0031_0062_0062.jpg 1 21 31 62 62
1935_0020_0006_0057_0057.jpg 1 20 6 57 57
1936_0024_0025_0037_0037.jpg 1 24 25 37 37
1937_0054_0024_0027_0027.jpg 1 54 24 27 27
1938_0055_0056_0036_0036.jpg 1 55 56 36 36
1939_0030_0029_0043_0043.jpg 1 30 29 43 43
1940_0026_0049_0028_0028.jpg 1 26 49 28 28
1941_0025_0022_0066_0066.jpg 1 25 22 66 66
1942_0010_0024_0045_0045.jpg 1 10 24 45 45
1943_0033_0014_0054_0054.jpg 1 33 14 54 54
1944_0042_0050_0038_0038.jpg 1 42 50 38 38
1945_0025_0017_0064_0064.jpg 1 25 17 64 64
1946_0031_0022_0051_0051.jpg 1 31 22 51 51
1947_0027_0022_0066_0066.jpg 1 27 22 66 66
1948_0010_0022_0067_0067.jpg 1 10 22 67 67
1949_0018_0008_0056_0056.jpg 1 18 8 56 56
1950_0027_0014_0036_0036.jpg 1 27 14 36 36
